2025-09-25 17:04:31.217 INFO  [background-preinit] o.h.validator.internal.util.Version - [anon] [noreq] HV000001: Hibernate Validator 8.0.2.Final
2025-09-25 17:04:31.539 INFO  [restartedMain] br.com.alevhvm.adotai.Startup - [anon] [noreq] Starting Startup using Java 21.0.7 with PID 1004 (C:\Users\ale_h\OneDrive\Área de Trabalho\sistema-adocao-pets\backend\target\classes started by ale_h in C:\Users\ale_h\OneDrive\Área de Trabalho\sistema-adocao-pets\backend)
2025-09-25 17:04:31.559 DEBUG [restartedMain] br.com.alevhvm.adotai.Startup - [anon] [noreq] Running with Spring Boot v3.4.6, Spring v6.2.7
2025-09-25 17:04:31.562 INFO  [restartedMain] br.com.alevhvm.adotai.Startup - [anon] [noreq] No active profile set, falling back to 1 default profile: "default"
2025-09-25 17:04:31.829 INFO  [restartedMain] o.s.b.d.e.DevToolsPropertyDefaultsPostProcessor - [anon] [noreq] Devtools property defaults active! Set 'spring.devtools.add-properties' to 'false' to disable
2025-09-25 17:04:31.830 INFO  [restartedMain] o.s.b.d.e.DevToolsPropertyDefaultsPostProcessor - [anon] [noreq] For additional web related logging consider setting the 'logging.level.web' property to 'DEBUG'
2025-09-25 17:04:37.624 INFO  [restartedMain] o.s.d.r.c.RepositoryConfigurationDelegate - [anon] [noreq] Bootstrapping Spring Data JPA repositories in DEFAULT mode.
2025-09-25 17:04:38.043 INFO  [restartedMain] o.s.d.r.c.RepositoryConfigurationDelegate - [anon] [noreq] Finished Spring Data repository scanning in 369 ms. Found 6 JPA repository interfaces.
2025-09-25 17:04:40.479 INFO  [restartedMain] o.s.b.w.e.tomcat.TomcatWebServer - [anon] [noreq] Tomcat initialized with port 8080 (http)
2025-09-25 17:04:40.558 INFO  [restartedMain] o.a.coyote.http11.Http11NioProtocol - [anon] [noreq] Initializing ProtocolHandler ["http-nio-8080"]
2025-09-25 17:04:40.567 INFO  [restartedMain] o.a.catalina.core.StandardService - [anon] [noreq] Starting service [Tomcat]
2025-09-25 17:04:40.569 INFO  [restartedMain] o.a.catalina.core.StandardEngine - [anon] [noreq] Starting Servlet engine: [Apache Tomcat/10.1.41]
2025-09-25 17:04:40.834 INFO  [restartedMain] o.a.c.c.C.[Tomcat].[localhost].[/] - [anon] [noreq] Initializing Spring embedded WebApplicationContext
2025-09-25 17:04:40.837 INFO  [restartedMain] o.s.b.w.s.c.ServletWebServerApplicationContext - [anon] [noreq] Root WebApplicationContext: initialization completed in 8997 ms
2025-09-25 17:04:42.271 INFO  [restartedMain] com.zaxxer.hikari.HikariDataSource - [anon] [noreq] HikariPool-1 - Starting...
2025-09-25 17:04:42.898 INFO  [restartedMain] com.zaxxer.hikari.pool.HikariPool - [anon] [noreq] HikariPool-1 - Added connection org.postgresql.jdbc.PgConnection@195064da
2025-09-25 17:04:42.903 INFO  [restartedMain] com.zaxxer.hikari.HikariDataSource - [anon] [noreq] HikariPool-1 - Start completed.
2025-09-25 17:04:43.031 INFO  [restartedMain] org.flywaydb.core.FlywayExecutor - [anon] [noreq] Database: jdbc:postgresql://localhost:5432/ongadocoes (PostgreSQL 17.5)
2025-09-25 17:04:43.333 INFO  [restartedMain] o.f.core.internal.command.DbValidate - [anon] [noreq] Successfully validated 12 migrations (execution time 00:00.204s)
2025-09-25 17:04:43.382 INFO  [restartedMain] o.f.core.internal.command.DbMigrate - [anon] [noreq] Current version of schema "public": 12
2025-09-25 17:04:43.397 INFO  [restartedMain] o.f.core.internal.command.DbMigrate - [anon] [noreq] Schema "public" is up to date. No migration necessary.
2025-09-25 17:04:43.924 INFO  [restartedMain] o.h.jpa.internal.util.LogHelper - [anon] [noreq] HHH000204: Processing PersistenceUnitInfo [name: default]
2025-09-25 17:04:44.292 INFO  [restartedMain] org.hibernate.Version - [anon] [noreq] HHH000412: Hibernate ORM core version 6.6.15.Final
2025-09-25 17:04:44.528 INFO  [restartedMain] o.h.c.i.RegionFactoryInitiator - [anon] [noreq] HHH000026: Second-level cache disabled
2025-09-25 17:04:45.448 INFO  [restartedMain] o.s.o.j.p.SpringPersistenceUnitInfo - [anon] [noreq] No LoadTimeWeaver setup: ignoring JPA class transformer
2025-09-25 17:04:45.700 INFO  [restartedMain] o.hibernate.orm.connections.pooling - [anon] [noreq] HHH10001005: Database info:
	Database JDBC URL [Connecting through datasource 'HikariDataSource (HikariPool-1)']
	Database driver: undefined/unknown
	Database version: 17.5
	Autocommit mode: undefined/unknown
	Isolation level: undefined/unknown
	Minimum pool size: undefined/unknown
	Maximum pool size: undefined/unknown
2025-09-25 17:04:48.662 INFO  [restartedMain] o.h.e.t.j.p.i.JtaPlatformInitiator - [anon] [noreq] HHH000489: No JTA platform available (set 'hibernate.transaction.jta.platform' to enable JTA platform integration)
2025-09-25 17:04:48.825 INFO  [restartedMain] o.s.o.j.LocalContainerEntityManagerFactoryBean - [anon] [noreq] Initialized JPA EntityManagerFactory for persistence unit 'default'
2025-09-25 17:04:49.804 DEBUG [restartedMain] b.c.a.adotai.common.config.MDCFilter - [anon] [noreq] Filter 'MDCFilter' configured for use
2025-09-25 17:04:49.805 DEBUG [restartedMain] b.c.a.a.auth.security.SecurityFilter - [anon] [noreq] Filter 'securityFilter' configured for use
2025-09-25 17:04:50.129 INFO  [restartedMain] o.s.s.c.a.a.c.InitializeUserDetailsBeanManagerConfigurer$InitializeUserDetailsManagerConfigurer - [anon] [noreq] Global AuthenticationManager configured with UserDetailsService bean with name authService
2025-09-25 17:04:50.384 INFO  [restartedMain] o.s.d.j.r.query.QueryEnhancerFactory - [anon] [noreq] Hibernate is in classpath; If applicable, HQL parser will be used.
2025-09-25 17:04:52.846 INFO  [restartedMain] o.f.c.i.command.clean.CleanExecutor - [anon] [noreq] Successfully dropped pre-schema database level objects (execution time 00:00.000s)
2025-09-25 17:04:53.415 INFO  [restartedMain] o.f.c.i.command.clean.CleanExecutor - [anon] [noreq] Successfully cleaned schema "public" (execution time 00:00.566s)
2025-09-25 17:04:53.444 INFO  [restartedMain] o.f.c.i.command.clean.CleanExecutor - [anon] [noreq] Successfully cleaned schema "public" (execution time 00:00.027s)
2025-09-25 17:04:53.445 INFO  [restartedMain] o.f.c.i.command.clean.CleanExecutor - [anon] [noreq] Successfully dropped post-schema database level objects (execution time 00:00.000s)
2025-09-25 17:04:53.477 INFO  [restartedMain] o.f.c.i.s.JdbcTableSchemaHistory - [anon] [noreq] Schema history table "public"."flyway_schema_history" does not exist yet
2025-09-25 17:04:53.478 INFO  [restartedMain] o.f.core.internal.command.DbValidate - [anon] [noreq] Successfully validated 12 migrations (execution time 00:00.016s)
2025-09-25 17:04:53.489 INFO  [restartedMain] org.flywaydb.core.Flyway - [anon] [noreq] All configured schemas are empty; baseline operation skipped. A baseline or migration script with a lower version than the baseline version may execute if available. Check the Schemas parameter if this is not intended.
2025-09-25 17:04:53.493 INFO  [restartedMain] o.f.c.i.s.JdbcTableSchemaHistory - [anon] [noreq] Creating Schema History table "public"."flyway_schema_history" ...
2025-09-25 17:04:53.646 INFO  [restartedMain] o.f.core.internal.command.DbMigrate - [anon] [noreq] Current version of schema "public": << Empty Schema >>
2025-09-25 17:04:53.665 INFO  [restartedMain] o.f.core.internal.command.DbMigrate - [anon] [noreq] Migrating schema "public" to version "1 - create usuario table"
2025-09-25 17:04:53.741 INFO  [restartedMain] o.f.core.internal.command.DbMigrate - [anon] [noreq] Migrating schema "public" to version "2 - create ong table"
2025-09-25 17:04:53.776 INFO  [restartedMain] o.f.core.internal.command.DbMigrate - [anon] [noreq] Migrating schema "public" to version "3 - create animal table"
2025-09-25 17:04:53.808 INFO  [restartedMain] o.f.core.internal.command.DbMigrate - [anon] [noreq] Migrating schema "public" to version "4 - create adocao table"
2025-09-25 17:04:53.834 INFO  [restartedMain] o.f.core.internal.command.DbMigrate - [anon] [noreq] Migrating schema "public" to version "5 - create administrador table"
2025-09-25 17:04:53.872 INFO  [restartedMain] o.f.core.internal.command.DbMigrate - [anon] [noreq] Migrating schema "public" to version "6 - create usuarios animais favoritos table"
2025-09-25 17:04:53.900 INFO  [restartedMain] o.f.core.internal.command.DbMigrate - [anon] [noreq] Migrating schema "public" to version "7 - create view usuario ong"
2025-09-25 17:04:53.925 INFO  [restartedMain] o.f.core.internal.command.DbMigrate - [anon] [noreq] Migrating schema "public" to version "8 - insert usuarios iniciais"
2025-09-25 17:04:53.947 INFO  [restartedMain] o.f.core.internal.command.DbMigrate - [anon] [noreq] Migrating schema "public" to version "9 - insert ongs iniciais"
2025-09-25 17:04:53.971 INFO  [restartedMain] o.f.core.internal.command.DbMigrate - [anon] [noreq] Migrating schema "public" to version "10 - insert animais iniciais"
2025-09-25 17:04:53.995 INFO  [restartedMain] o.f.core.internal.command.DbMigrate - [anon] [noreq] Migrating schema "public" to version "11 - insert adocoes inicias"
2025-09-25 17:04:54.015 INFO  [restartedMain] o.f.core.internal.command.DbMigrate - [anon] [noreq] Migrating schema "public" to version "12 - insert administradores iniciais"
2025-09-25 17:04:54.037 INFO  [restartedMain] o.f.core.internal.command.DbMigrate - [anon] [noreq] Successfully applied 12 migrations to schema "public", now at version v12 (execution time 00:00.180s)
2025-09-25 17:04:54.407 WARN  [restartedMain] o.s.b.a.o.j.JpaBaseConfiguration$JpaWebConfiguration - [anon] [noreq] spring.jpa.open-in-view is enabled by default. Therefore, database queries may be performed during view rendering. Explicitly configure spring.jpa.open-in-view to disable this warning
2025-09-25 17:04:55.715 INFO  [restartedMain] o.s.b.a.e.web.EndpointLinksResolver - [anon] [noreq] Exposing 1 endpoint beneath base path '/actuator'
2025-09-25 17:04:57.534 INFO  [restartedMain] o.s.b.d.a.OptionalLiveReloadServer - [anon] [noreq] LiveReload server is running on port 35729
2025-09-25 17:04:57.699 INFO  [restartedMain] o.a.coyote.http11.Http11NioProtocol - [anon] [noreq] Starting ProtocolHandler ["http-nio-8080"]
2025-09-25 17:04:57.754 INFO  [restartedMain] o.s.b.w.e.tomcat.TomcatWebServer - [anon] [noreq] Tomcat started on port 8080 (http) with context path '/'
2025-09-25 17:04:57.788 INFO  [restartedMain] br.com.alevhvm.adotai.Startup - [anon] [noreq] Started Startup in 28.176 seconds (process running for 30.191)
2025-09-25 17:04:59.889 INFO  [RMI TCP Connection(3)-127.0.0.1] o.a.c.c.C.[Tomcat].[localhost].[/] - [anon] [noreq] Initializing Spring DispatcherServlet 'dispatcherServlet'
2025-09-25 17:04:59.889 INFO  [RMI TCP Connection(3)-127.0.0.1] o.s.web.servlet.DispatcherServlet - [anon] [noreq] Initializing Servlet 'dispatcherServlet'
2025-09-25 17:04:59.893 INFO  [RMI TCP Connection(3)-127.0.0.1] o.s.web.servlet.DispatcherServlet - [anon] [noreq] Completed initialization in 3 ms
2025-09-25 17:05:44.003 DEBUG [http-nio-8080-exec-3] b.c.a.a.a.s.AdministradorService - [adminmaster@sistema.com] [dbbeb4ec-d430-4d41-baa6-ad3e821b7b78] Iniciando busca de todos os administradores
2025-09-25 17:05:44.054 INFO  [http-nio-8080-exec-3] b.c.a.a.a.s.AdministradorService - [adminmaster@sistema.com] [dbbeb4ec-d430-4d41-baa6-ad3e821b7b78] Encontradas 1 páginas, com 2 Administradores
2025-09-25 17:05:44.083 INFO  [http-nio-8080-exec-3] c.g.d.core.util.RuntimeUtils - [adminmaster@sistema.com] [dbbeb4ec-d430-4d41-baa6-ad3e821b7b78] OSGi support is false
2025-09-25 17:05:44.092 INFO  [http-nio-8080-exec-3] c.g.d.core.DozerBeanMapperBuilder - [adminmaster@sistema.com] [dbbeb4ec-d430-4d41-baa6-ad3e821b7b78] Initializing Dozer. Version: 7.0.0, Thread Name: http-nio-8080-exec-3
2025-09-25 17:05:44.106 INFO  [http-nio-8080-exec-3] c.g.d.c.c.r.LegacyPropertiesSettingsResolver - [adminmaster@sistema.com] [dbbeb4ec-d430-4d41-baa6-ad3e821b7b78] Trying to find Dozer configuration file: dozer.properties
2025-09-25 17:05:44.108 INFO  [http-nio-8080-exec-3] c.g.d.c.c.r.LegacyPropertiesSettingsResolver - [adminmaster@sistema.com] [dbbeb4ec-d430-4d41-baa6-ad3e821b7b78] Failed to find dozer.properties via com.github.dozermapper.core.config.resolvers.LegacyPropertiesSettingsResolver.
2025-09-25 17:05:44.118 INFO  [http-nio-8080-exec-3] c.g.d.core.el.ELExpressionFactory - [adminmaster@sistema.com] [dbbeb4ec-d430-4d41-baa6-ad3e821b7b78] jakarta.el is not supported; Failed to resolve ExpressionFactory, com.sun.el.ExpressionFactoryImpl
2025-09-25 17:05:58.626 DEBUG [http-nio-8080-exec-4] b.c.a.a.a.s.AdministradorService - [adminmaster@sistema.com] [509a8290-6e9b-4370-aabc-d693aa70045f] Iniciando busca de todos os administradores
2025-09-25 17:05:58.635 INFO  [http-nio-8080-exec-4] b.c.a.a.a.s.AdministradorService - [adminmaster@sistema.com] [509a8290-6e9b-4370-aabc-d693aa70045f] Encontradas 1 páginas, com 2 Administradores
2025-09-25 17:19:58.069 INFO  [background-preinit] o.h.validator.internal.util.Version - [anon] [noreq] HV000001: Hibernate Validator 8.0.2.Final
2025-09-25 17:19:58.209 INFO  [restartedMain] br.com.alevhvm.adotai.Startup - [anon] [noreq] Starting Startup using Java 21.0.7 with PID 12148 (C:\Users\ale_h\OneDrive\Área de Trabalho\sistema-adocao-pets\backend\target\classes started by ale_h in C:\Users\ale_h\OneDrive\Área de Trabalho\sistema-adocao-pets\backend)
2025-09-25 17:19:58.211 DEBUG [restartedMain] br.com.alevhvm.adotai.Startup - [anon] [noreq] Running with Spring Boot v3.4.6, Spring v6.2.7
2025-09-25 17:19:58.213 INFO  [restartedMain] br.com.alevhvm.adotai.Startup - [anon] [noreq] No active profile set, falling back to 1 default profile: "default"
2025-09-25 17:19:58.348 INFO  [restartedMain] o.s.b.d.e.DevToolsPropertyDefaultsPostProcessor - [anon] [noreq] Devtools property defaults active! Set 'spring.devtools.add-properties' to 'false' to disable
2025-09-25 17:19:58.348 INFO  [restartedMain] o.s.b.d.e.DevToolsPropertyDefaultsPostProcessor - [anon] [noreq] For additional web related logging consider setting the 'logging.level.web' property to 'DEBUG'
2025-09-25 17:20:03.244 INFO  [restartedMain] o.s.d.r.c.RepositoryConfigurationDelegate - [anon] [noreq] Bootstrapping Spring Data JPA repositories in DEFAULT mode.
2025-09-25 17:20:03.583 INFO  [restartedMain] o.s.d.r.c.RepositoryConfigurationDelegate - [anon] [noreq] Finished Spring Data repository scanning in 307 ms. Found 6 JPA repository interfaces.
2025-09-25 17:20:05.837 INFO  [restartedMain] o.s.b.w.e.tomcat.TomcatWebServer - [anon] [noreq] Tomcat initialized with port 8080 (http)
2025-09-25 17:20:05.883 INFO  [restartedMain] o.a.coyote.http11.Http11NioProtocol - [anon] [noreq] Initializing ProtocolHandler ["http-nio-8080"]
2025-09-25 17:20:05.891 INFO  [restartedMain] o.a.catalina.core.StandardService - [anon] [noreq] Starting service [Tomcat]
2025-09-25 17:20:05.892 INFO  [restartedMain] o.a.catalina.core.StandardEngine - [anon] [noreq] Starting Servlet engine: [Apache Tomcat/10.1.41]
2025-09-25 17:20:06.109 INFO  [restartedMain] o.a.c.c.C.[Tomcat].[localhost].[/] - [anon] [noreq] Initializing Spring embedded WebApplicationContext
2025-09-25 17:20:06.111 INFO  [restartedMain] o.s.b.w.s.c.ServletWebServerApplicationContext - [anon] [noreq] Root WebApplicationContext: initialization completed in 7760 ms
2025-09-25 17:20:07.116 INFO  [restartedMain] com.zaxxer.hikari.HikariDataSource - [anon] [noreq] HikariPool-1 - Starting...
2025-09-25 17:20:07.670 INFO  [restartedMain] com.zaxxer.hikari.pool.HikariPool - [anon] [noreq] HikariPool-1 - Added connection org.postgresql.jdbc.PgConnection@329bef7
2025-09-25 17:20:07.677 INFO  [restartedMain] com.zaxxer.hikari.HikariDataSource - [anon] [noreq] HikariPool-1 - Start completed.
2025-09-25 17:20:07.773 INFO  [restartedMain] org.flywaydb.core.FlywayExecutor - [anon] [noreq] Database: jdbc:postgresql://localhost:5432/ongadocoes (PostgreSQL 17.5)
2025-09-25 17:20:07.984 INFO  [restartedMain] o.f.core.internal.command.DbValidate - [anon] [noreq] Successfully validated 12 migrations (execution time 00:00.145s)
2025-09-25 17:20:08.032 INFO  [restartedMain] o.f.core.internal.command.DbMigrate - [anon] [noreq] Current version of schema "public": 12
2025-09-25 17:20:08.046 INFO  [restartedMain] o.f.core.internal.command.DbMigrate - [anon] [noreq] Schema "public" is up to date. No migration necessary.
2025-09-25 17:20:08.530 INFO  [restartedMain] o.h.jpa.internal.util.LogHelper - [anon] [noreq] HHH000204: Processing PersistenceUnitInfo [name: default]
2025-09-25 17:20:08.847 INFO  [restartedMain] org.hibernate.Version - [anon] [noreq] HHH000412: Hibernate ORM core version 6.6.15.Final
2025-09-25 17:20:09.105 INFO  [restartedMain] o.h.c.i.RegionFactoryInitiator - [anon] [noreq] HHH000026: Second-level cache disabled
2025-09-25 17:20:10.039 INFO  [restartedMain] o.s.o.j.p.SpringPersistenceUnitInfo - [anon] [noreq] No LoadTimeWeaver setup: ignoring JPA class transformer
2025-09-25 17:20:10.275 INFO  [restartedMain] o.hibernate.orm.connections.pooling - [anon] [noreq] HHH10001005: Database info:
	Database JDBC URL [Connecting through datasource 'HikariDataSource (HikariPool-1)']
	Database driver: undefined/unknown
	Database version: 17.5
	Autocommit mode: undefined/unknown
	Isolation level: undefined/unknown
	Minimum pool size: undefined/unknown
	Maximum pool size: undefined/unknown
2025-09-25 17:20:13.172 INFO  [restartedMain] o.h.e.t.j.p.i.JtaPlatformInitiator - [anon] [noreq] HHH000489: No JTA platform available (set 'hibernate.transaction.jta.platform' to enable JTA platform integration)
2025-09-25 17:20:13.259 INFO  [restartedMain] o.s.o.j.LocalContainerEntityManagerFactoryBean - [anon] [noreq] Initialized JPA EntityManagerFactory for persistence unit 'default'
2025-09-25 17:20:14.245 DEBUG [restartedMain] b.c.a.adotai.common.config.MDCFilter - [anon] [noreq] Filter 'MDCFilter' configured for use
2025-09-25 17:20:14.246 DEBUG [restartedMain] b.c.a.a.auth.security.SecurityFilter - [anon] [noreq] Filter 'securityFilter' configured for use
2025-09-25 17:20:14.583 INFO  [restartedMain] o.s.s.c.a.a.c.InitializeUserDetailsBeanManagerConfigurer$InitializeUserDetailsManagerConfigurer - [anon] [noreq] Global AuthenticationManager configured with UserDetailsService bean with name authService
2025-09-25 17:20:14.797 INFO  [restartedMain] o.s.d.j.r.query.QueryEnhancerFactory - [anon] [noreq] Hibernate is in classpath; If applicable, HQL parser will be used.
2025-09-25 17:20:16.945 INFO  [restartedMain] o.f.c.i.command.clean.CleanExecutor - [anon] [noreq] Successfully dropped pre-schema database level objects (execution time 00:00.000s)
2025-09-25 17:20:17.063 INFO  [restartedMain] o.f.c.i.command.clean.CleanExecutor - [anon] [noreq] Successfully cleaned schema "public" (execution time 00:00.115s)
2025-09-25 17:20:17.089 INFO  [restartedMain] o.f.c.i.command.clean.CleanExecutor - [anon] [noreq] Successfully cleaned schema "public" (execution time 00:00.025s)
2025-09-25 17:20:17.090 INFO  [restartedMain] o.f.c.i.command.clean.CleanExecutor - [anon] [noreq] Successfully dropped post-schema database level objects (execution time 00:00.000s)
2025-09-25 17:20:17.126 INFO  [restartedMain] o.f.c.i.s.JdbcTableSchemaHistory - [anon] [noreq] Schema history table "public"."flyway_schema_history" does not exist yet
2025-09-25 17:20:17.127 INFO  [restartedMain] o.f.core.internal.command.DbValidate - [anon] [noreq] Successfully validated 12 migrations (execution time 00:00.018s)
2025-09-25 17:20:17.138 INFO  [restartedMain] org.flywaydb.core.Flyway - [anon] [noreq] All configured schemas are empty; baseline operation skipped. A baseline or migration script with a lower version than the baseline version may execute if available. Check the Schemas parameter if this is not intended.
2025-09-25 17:20:17.143 INFO  [restartedMain] o.f.c.i.s.JdbcTableSchemaHistory - [anon] [noreq] Creating Schema History table "public"."flyway_schema_history" ...
2025-09-25 17:20:17.205 INFO  [restartedMain] o.f.core.internal.command.DbMigrate - [anon] [noreq] Current version of schema "public": << Empty Schema >>
2025-09-25 17:20:17.222 INFO  [restartedMain] o.f.core.internal.command.DbMigrate - [anon] [noreq] Migrating schema "public" to version "1 - create usuario table"
2025-09-25 17:20:17.288 INFO  [restartedMain] o.f.core.internal.command.DbMigrate - [anon] [noreq] Migrating schema "public" to version "2 - create ong table"
2025-09-25 17:20:17.327 INFO  [restartedMain] o.f.core.internal.command.DbMigrate - [anon] [noreq] Migrating schema "public" to version "3 - create animal table"
2025-09-25 17:20:17.361 INFO  [restartedMain] o.f.core.internal.command.DbMigrate - [anon] [noreq] Migrating schema "public" to version "4 - create adocao table"
2025-09-25 17:20:17.393 INFO  [restartedMain] o.f.core.internal.command.DbMigrate - [anon] [noreq] Migrating schema "public" to version "5 - create administrador table"
2025-09-25 17:20:17.446 INFO  [restartedMain] o.f.core.internal.command.DbMigrate - [anon] [noreq] Migrating schema "public" to version "6 - create usuarios animais favoritos table"
2025-09-25 17:20:17.480 INFO  [restartedMain] o.f.core.internal.command.DbMigrate - [anon] [noreq] Migrating schema "public" to version "7 - create view usuario ong"
2025-09-25 17:20:17.509 INFO  [restartedMain] o.f.core.internal.command.DbMigrate - [anon] [noreq] Migrating schema "public" to version "8 - insert usuarios iniciais"
2025-09-25 17:20:17.537 INFO  [restartedMain] o.f.core.internal.command.DbMigrate - [anon] [noreq] Migrating schema "public" to version "9 - insert ongs iniciais"
2025-09-25 17:20:17.565 INFO  [restartedMain] o.f.core.internal.command.DbMigrate - [anon] [noreq] Migrating schema "public" to version "10 - insert animais iniciais"
2025-09-25 17:20:17.585 INFO  [restartedMain] o.f.core.internal.command.DbMigrate - [anon] [noreq] Migrating schema "public" to version "11 - insert adocoes inicias"
2025-09-25 17:20:17.607 INFO  [restartedMain] o.f.core.internal.command.DbMigrate - [anon] [noreq] Migrating schema "public" to version "12 - insert administradores iniciais"
2025-09-25 17:20:17.629 INFO  [restartedMain] o.f.core.internal.command.DbMigrate - [anon] [noreq] Successfully applied 12 migrations to schema "public", now at version v12 (execution time 00:00.185s)
2025-09-25 17:20:18.018 WARN  [restartedMain] o.s.b.a.o.j.JpaBaseConfiguration$JpaWebConfiguration - [anon] [noreq] spring.jpa.open-in-view is enabled by default. Therefore, database queries may be performed during view rendering. Explicitly configure spring.jpa.open-in-view to disable this warning
2025-09-25 17:20:19.198 INFO  [restartedMain] o.s.b.a.e.web.EndpointLinksResolver - [anon] [noreq] Exposing 1 endpoint beneath base path '/actuator'
2025-09-25 17:20:20.829 INFO  [restartedMain] o.s.b.d.a.OptionalLiveReloadServer - [anon] [noreq] LiveReload server is running on port 35729
2025-09-25 17:20:20.869 INFO  [RMI TCP Connection(2)-127.0.0.1] o.a.c.c.C.[Tomcat].[localhost].[/] - [anon] [noreq] Initializing Spring DispatcherServlet 'dispatcherServlet'
2025-09-25 17:20:20.873 INFO  [RMI TCP Connection(2)-127.0.0.1] o.s.web.servlet.DispatcherServlet - [anon] [noreq] Initializing Servlet 'dispatcherServlet'
2025-09-25 17:20:20.885 INFO  [RMI TCP Connection(2)-127.0.0.1] o.s.web.servlet.DispatcherServlet - [anon] [noreq] Completed initialization in 4 ms
2025-09-25 17:20:21.095 INFO  [restartedMain] o.a.coyote.http11.Http11NioProtocol - [anon] [noreq] Starting ProtocolHandler ["http-nio-8080"]
2025-09-25 17:20:21.194 INFO  [restartedMain] o.s.b.w.e.tomcat.TomcatWebServer - [anon] [noreq] Tomcat started on port 8080 (http) with context path '/'
2025-09-25 17:20:21.205 INFO  [restartedMain] br.com.alevhvm.adotai.Startup - [anon] [noreq] Started Startup in 24.505 seconds (process running for 26.257)
2025-09-25 18:17:31.770 INFO  [background-preinit] o.h.validator.internal.util.Version - [anon] [noreq] HV000001: Hibernate Validator 8.0.2.Final
2025-09-25 18:17:31.980 INFO  [restartedMain] br.com.alevhvm.adotai.Startup - [anon] [noreq] Starting Startup using Java 21.0.7 with PID 10072 (C:\Users\ale_h\OneDrive\Área de Trabalho\sistema-adocao-pets\backend\target\classes started by ale_h in C:\Users\ale_h\OneDrive\Área de Trabalho\sistema-adocao-pets\backend)
2025-09-25 18:17:31.982 DEBUG [restartedMain] br.com.alevhvm.adotai.Startup - [anon] [noreq] Running with Spring Boot v3.4.6, Spring v6.2.7
2025-09-25 18:17:31.984 INFO  [restartedMain] br.com.alevhvm.adotai.Startup - [anon] [noreq] No active profile set, falling back to 1 default profile: "default"
2025-09-25 18:17:32.172 INFO  [restartedMain] o.s.b.d.e.DevToolsPropertyDefaultsPostProcessor - [anon] [noreq] Devtools property defaults active! Set 'spring.devtools.add-properties' to 'false' to disable
2025-09-25 18:17:32.173 INFO  [restartedMain] o.s.b.d.e.DevToolsPropertyDefaultsPostProcessor - [anon] [noreq] For additional web related logging consider setting the 'logging.level.web' property to 'DEBUG'
2025-09-25 18:17:36.974 INFO  [restartedMain] o.s.d.r.c.RepositoryConfigurationDelegate - [anon] [noreq] Bootstrapping Spring Data JPA repositories in DEFAULT mode.
2025-09-25 18:17:37.419 INFO  [restartedMain] o.s.d.r.c.RepositoryConfigurationDelegate - [anon] [noreq] Finished Spring Data repository scanning in 408 ms. Found 6 JPA repository interfaces.
2025-09-25 18:17:39.620 INFO  [restartedMain] o.s.b.w.e.tomcat.TomcatWebServer - [anon] [noreq] Tomcat initialized with port 8080 (http)
2025-09-25 18:17:39.654 INFO  [restartedMain] o.a.coyote.http11.Http11NioProtocol - [anon] [noreq] Initializing ProtocolHandler ["http-nio-8080"]
2025-09-25 18:17:39.662 INFO  [restartedMain] o.a.catalina.core.StandardService - [anon] [noreq] Starting service [Tomcat]
2025-09-25 18:17:39.663 INFO  [restartedMain] o.a.catalina.core.StandardEngine - [anon] [noreq] Starting Servlet engine: [Apache Tomcat/10.1.41]
2025-09-25 18:17:39.848 INFO  [restartedMain] o.a.c.c.C.[Tomcat].[localhost].[/] - [anon] [noreq] Initializing Spring embedded WebApplicationContext
2025-09-25 18:17:39.849 INFO  [restartedMain] o.s.b.w.s.c.ServletWebServerApplicationContext - [anon] [noreq] Root WebApplicationContext: initialization completed in 7674 ms
2025-09-25 18:17:41.042 INFO  [restartedMain] com.zaxxer.hikari.HikariDataSource - [anon] [noreq] HikariPool-1 - Starting...
2025-09-25 18:17:41.647 INFO  [restartedMain] com.zaxxer.hikari.pool.HikariPool - [anon] [noreq] HikariPool-1 - Added connection org.postgresql.jdbc.PgConnection@31023604
2025-09-25 18:17:41.657 INFO  [restartedMain] com.zaxxer.hikari.HikariDataSource - [anon] [noreq] HikariPool-1 - Start completed.
2025-09-25 18:17:41.778 INFO  [restartedMain] org.flywaydb.core.FlywayExecutor - [anon] [noreq] Database: jdbc:postgresql://localhost:5432/ongadocoes (PostgreSQL 17.5)
2025-09-25 18:17:41.978 INFO  [restartedMain] o.f.core.internal.command.DbValidate - [anon] [noreq] Successfully validated 12 migrations (execution time 00:00.125s)
2025-09-25 18:17:42.027 INFO  [restartedMain] o.f.core.internal.command.DbMigrate - [anon] [noreq] Current version of schema "public": 12
2025-09-25 18:17:42.039 INFO  [restartedMain] o.f.core.internal.command.DbMigrate - [anon] [noreq] Schema "public" is up to date. No migration necessary.
2025-09-25 18:17:42.452 INFO  [restartedMain] o.h.jpa.internal.util.LogHelper - [anon] [noreq] HHH000204: Processing PersistenceUnitInfo [name: default]
2025-09-25 18:17:42.681 INFO  [restartedMain] org.hibernate.Version - [anon] [noreq] HHH000412: Hibernate ORM core version 6.6.15.Final
2025-09-25 18:17:42.825 INFO  [restartedMain] o.h.c.i.RegionFactoryInitiator - [anon] [noreq] HHH000026: Second-level cache disabled
2025-09-25 18:17:43.912 INFO  [restartedMain] o.s.o.j.p.SpringPersistenceUnitInfo - [anon] [noreq] No LoadTimeWeaver setup: ignoring JPA class transformer
2025-09-25 18:17:44.189 INFO  [restartedMain] o.hibernate.orm.connections.pooling - [anon] [noreq] HHH10001005: Database info:
	Database JDBC URL [Connecting through datasource 'HikariDataSource (HikariPool-1)']
	Database driver: undefined/unknown
	Database version: 17.5
	Autocommit mode: undefined/unknown
	Isolation level: undefined/unknown
	Minimum pool size: undefined/unknown
	Maximum pool size: undefined/unknown
2025-09-25 18:17:47.102 INFO  [restartedMain] o.h.e.t.j.p.i.JtaPlatformInitiator - [anon] [noreq] HHH000489: No JTA platform available (set 'hibernate.transaction.jta.platform' to enable JTA platform integration)
2025-09-25 18:17:47.186 INFO  [restartedMain] o.s.o.j.LocalContainerEntityManagerFactoryBean - [anon] [noreq] Initialized JPA EntityManagerFactory for persistence unit 'default'
2025-09-25 18:17:48.144 DEBUG [restartedMain] b.c.a.adotai.common.config.MDCFilter - [anon] [noreq] Filter 'MDCFilter' configured for use
2025-09-25 18:17:48.145 DEBUG [restartedMain] b.c.a.a.auth.security.SecurityFilter - [anon] [noreq] Filter 'securityFilter' configured for use
2025-09-25 18:17:48.439 INFO  [restartedMain] o.s.s.c.a.a.c.InitializeUserDetailsBeanManagerConfigurer$InitializeUserDetailsManagerConfigurer - [anon] [noreq] Global AuthenticationManager configured with UserDetailsService bean with name authService
2025-09-25 18:17:48.645 INFO  [restartedMain] o.s.d.j.r.query.QueryEnhancerFactory - [anon] [noreq] Hibernate is in classpath; If applicable, HQL parser will be used.
2025-09-25 18:17:51.043 INFO  [restartedMain] o.f.c.i.command.clean.CleanExecutor - [anon] [noreq] Successfully dropped pre-schema database level objects (execution time 00:00.000s)
2025-09-25 18:17:51.162 INFO  [restartedMain] o.f.c.i.command.clean.CleanExecutor - [anon] [noreq] Successfully cleaned schema "public" (execution time 00:00.116s)
2025-09-25 18:17:51.183 INFO  [restartedMain] o.f.c.i.command.clean.CleanExecutor - [anon] [noreq] Successfully cleaned schema "public" (execution time 00:00.020s)
2025-09-25 18:17:51.185 INFO  [restartedMain] o.f.c.i.command.clean.CleanExecutor - [anon] [noreq] Successfully dropped post-schema database level objects (execution time 00:00.000s)
2025-09-25 18:17:51.217 INFO  [restartedMain] o.f.c.i.s.JdbcTableSchemaHistory - [anon] [noreq] Schema history table "public"."flyway_schema_history" does not exist yet
2025-09-25 18:17:51.219 INFO  [restartedMain] o.f.core.internal.command.DbValidate - [anon] [noreq] Successfully validated 12 migrations (execution time 00:00.018s)
2025-09-25 18:17:51.229 INFO  [restartedMain] org.flywaydb.core.Flyway - [anon] [noreq] All configured schemas are empty; baseline operation skipped. A baseline or migration script with a lower version than the baseline version may execute if available. Check the Schemas parameter if this is not intended.
2025-09-25 18:17:51.234 INFO  [restartedMain] o.f.c.i.s.JdbcTableSchemaHistory - [anon] [noreq] Creating Schema History table "public"."flyway_schema_history" ...
2025-09-25 18:17:51.299 INFO  [restartedMain] o.f.core.internal.command.DbMigrate - [anon] [noreq] Current version of schema "public": << Empty Schema >>
2025-09-25 18:17:51.313 INFO  [restartedMain] o.f.core.internal.command.DbMigrate - [anon] [noreq] Migrating schema "public" to version "1 - create usuario table"
2025-09-25 18:17:51.373 INFO  [restartedMain] o.f.core.internal.command.DbMigrate - [anon] [noreq] Migrating schema "public" to version "2 - create ong table"
2025-09-25 18:17:51.406 INFO  [restartedMain] o.f.core.internal.command.DbMigrate - [anon] [noreq] Migrating schema "public" to version "3 - create animal table"
2025-09-25 18:17:51.431 INFO  [restartedMain] o.f.core.internal.command.DbMigrate - [anon] [noreq] Migrating schema "public" to version "4 - create adocao table"
2025-09-25 18:17:51.460 INFO  [restartedMain] o.f.core.internal.command.DbMigrate - [anon] [noreq] Migrating schema "public" to version "5 - create administrador table"
2025-09-25 18:17:51.499 INFO  [restartedMain] o.f.core.internal.command.DbMigrate - [anon] [noreq] Migrating schema "public" to version "6 - create usuarios animais favoritos table"
2025-09-25 18:17:51.525 INFO  [restartedMain] o.f.core.internal.command.DbMigrate - [anon] [noreq] Migrating schema "public" to version "7 - create view usuario ong"
2025-09-25 18:17:51.547 INFO  [restartedMain] o.f.core.internal.command.DbMigrate - [anon] [noreq] Migrating schema "public" to version "8 - insert usuarios iniciais"
2025-09-25 18:17:51.571 INFO  [restartedMain] o.f.core.internal.command.DbMigrate - [anon] [noreq] Migrating schema "public" to version "9 - insert ongs iniciais"
2025-09-25 18:17:51.591 INFO  [restartedMain] o.f.core.internal.command.DbMigrate - [anon] [noreq] Migrating schema "public" to version "10 - insert animais iniciais"
2025-09-25 18:17:51.610 INFO  [restartedMain] o.f.core.internal.command.DbMigrate - [anon] [noreq] Migrating schema "public" to version "11 - insert adocoes inicias"
2025-09-25 18:17:51.630 INFO  [restartedMain] o.f.core.internal.command.DbMigrate - [anon] [noreq] Migrating schema "public" to version "12 - insert administradores iniciais"
2025-09-25 18:17:51.649 INFO  [restartedMain] o.f.core.internal.command.DbMigrate - [anon] [noreq] Successfully applied 12 migrations to schema "public", now at version v12 (execution time 00:00.147s)
2025-09-25 18:17:52.001 WARN  [restartedMain] o.s.b.a.o.j.JpaBaseConfiguration$JpaWebConfiguration - [anon] [noreq] spring.jpa.open-in-view is enabled by default. Therefore, database queries may be performed during view rendering. Explicitly configure spring.jpa.open-in-view to disable this warning
2025-09-25 18:17:53.173 INFO  [restartedMain] o.s.b.a.e.web.EndpointLinksResolver - [anon] [noreq] Exposing 1 endpoint beneath base path '/actuator'
2025-09-25 18:17:54.639 INFO  [restartedMain] o.s.b.d.a.OptionalLiveReloadServer - [anon] [noreq] LiveReload server is running on port 35729
2025-09-25 18:17:54.780 INFO  [restartedMain] o.a.coyote.http11.Http11NioProtocol - [anon] [noreq] Starting ProtocolHandler ["http-nio-8080"]
2025-09-25 18:17:54.820 INFO  [restartedMain] o.s.b.w.e.tomcat.TomcatWebServer - [anon] [noreq] Tomcat started on port 8080 (http) with context path '/'
2025-09-25 18:17:54.855 INFO  [restartedMain] br.com.alevhvm.adotai.Startup - [anon] [noreq] Started Startup in 24.592 seconds (process running for 26.547)
2025-09-25 18:17:57.301 INFO  [RMI TCP Connection(2)-127.0.0.1] o.a.c.c.C.[Tomcat].[localhost].[/] - [anon] [noreq] Initializing Spring DispatcherServlet 'dispatcherServlet'
2025-09-25 18:17:57.302 INFO  [RMI TCP Connection(2)-127.0.0.1] o.s.web.servlet.DispatcherServlet - [anon] [noreq] Initializing Servlet 'dispatcherServlet'
2025-09-25 18:17:57.305 INFO  [RMI TCP Connection(2)-127.0.0.1] o.s.web.servlet.DispatcherServlet - [anon] [noreq] Completed initialization in 1 ms
2025-09-25 18:35:33.877 DEBUG [http-nio-8080-exec-2] b.c.a.a.a.s.AdministradorService - [anonymous] [8d15a118-ff76-48fd-8e52-2682ade52379] Iniciando login do administrador adminmaster@sistema.com
2025-09-25 18:35:34.162 INFO  [http-nio-8080-exec-2] b.c.a.a.a.s.AdministradorService - [anonymous] [8d15a118-ff76-48fd-8e52-2682ade52379] Administrador adminmaster@sistema.com logado com sucesso.
2025-09-25 18:35:46.014 DEBUG [http-nio-8080-exec-3] b.c.a.a.a.s.AdministradorService - [adminmaster@sistema.com] [fd29d25b-cdd1-44f2-a5b0-db954815163b] Iniciando busca do administrador com id = 1
2025-09-25 18:35:46.046 INFO  [http-nio-8080-exec-3] c.g.d.core.util.RuntimeUtils - [adminmaster@sistema.com] [fd29d25b-cdd1-44f2-a5b0-db954815163b] OSGi support is false
2025-09-25 18:35:46.068 INFO  [http-nio-8080-exec-3] c.g.d.core.DozerBeanMapperBuilder - [adminmaster@sistema.com] [fd29d25b-cdd1-44f2-a5b0-db954815163b] Initializing Dozer. Version: 7.0.0, Thread Name: http-nio-8080-exec-3
2025-09-25 18:35:46.093 INFO  [http-nio-8080-exec-3] c.g.d.c.c.r.LegacyPropertiesSettingsResolver - [adminmaster@sistema.com] [fd29d25b-cdd1-44f2-a5b0-db954815163b] Trying to find Dozer configuration file: dozer.properties
2025-09-25 18:35:46.100 INFO  [http-nio-8080-exec-3] c.g.d.c.c.r.LegacyPropertiesSettingsResolver - [adminmaster@sistema.com] [fd29d25b-cdd1-44f2-a5b0-db954815163b] Failed to find dozer.properties via com.github.dozermapper.core.config.resolvers.LegacyPropertiesSettingsResolver.
2025-09-25 18:35:46.127 INFO  [http-nio-8080-exec-3] c.g.d.core.el.ELExpressionFactory - [adminmaster@sistema.com] [fd29d25b-cdd1-44f2-a5b0-db954815163b] jakarta.el is not supported; Failed to resolve ExpressionFactory, com.sun.el.ExpressionFactoryImpl
2025-09-25 18:35:46.656 INFO  [http-nio-8080-exec-3] b.c.a.a.a.s.AdministradorService - [adminmaster@sistema.com] [fd29d25b-cdd1-44f2-a5b0-db954815163b] Administrador encontrado com sucesso: id=1, nomeUsuario=NomeAdministradorMestre
2025-09-25 18:36:00.116 DEBUG [http-nio-8080-exec-4] b.c.a.a.a.s.AdministradorService - [adminmaster@sistema.com] [23a8bbed-279d-4e36-ae35-0ead18cee69d] Iniciando busca do administrador com nomeUsuario = NomeAdministrador1
2025-09-25 18:36:00.134 INFO  [http-nio-8080-exec-4] b.c.a.a.a.s.AdministradorService - [adminmaster@sistema.com] [23a8bbed-279d-4e36-ae35-0ead18cee69d] Administrador encontrado com sucesso: id=2, nomeUsuario=NomeAdministrador1
2025-09-25 18:36:11.639 DEBUG [http-nio-8080-exec-5] b.c.a.a.a.s.AdministradorService - [adminmaster@sistema.com] [5e70c701-d52b-4151-9753-608fa686ee3b] Iniciando busca do administrador com nomeUsuario = NomeAdministrador6
2025-09-25 18:36:11.643 WARN  [http-nio-8080-exec-5] b.c.a.a.a.s.AdministradorService - [adminmaster@sistema.com] [5e70c701-d52b-4151-9753-608fa686ee3b] Administrador não encontrado para nomeUsuario = NomeAdministrador6
2025-09-25 18:36:11.679 WARN  [http-nio-8080-exec-5] o.s.w.s.m.m.a.ExceptionHandlerExceptionResolver - [adminmaster@sistema.com] [5e70c701-d52b-4151-9753-608fa686ee3b] Resolved [br.com.alevhvm.adotai.administrador.exception.AdministradorNotFoundException: Administrador não encontrado.]
2025-09-25 18:36:31.899 DEBUG [http-nio-8080-exec-6] b.c.a.a.a.s.AdministradorService - [adminmaster@sistema.com] [556453e5-07d4-45d0-8cbd-b0a7d8fada5f] Iniciando atualização de administrador com nomeUsuario = NomeAdministrador1
2025-09-25 18:36:32.120 INFO  [http-nio-8080-exec-6] b.c.a.a.a.s.AdministradorService - [adminmaster@sistema.com] [556453e5-07d4-45d0-8cbd-b0a7d8fada5f] Administrador NomeAdministrador1 atualizado com sucesso.
2025-09-25 18:36:37.463 DEBUG [http-nio-8080-exec-7] b.c.a.a.a.s.AdministradorService - [adminmaster@sistema.com] [dc26b60d-bdce-4fa3-a47f-d8e5991e3a6b] Iniciando atualização de administrador com nomeUsuario = NomeAdministrador1
2025-09-25 18:36:37.565 ERROR [http-nio-8080-exec-7] b.c.a.a.a.v.AdministradorValidacao - [adminmaster@sistema.com] [dc26b60d-bdce-4fa3-a47f-d8e5991e3a6b] Falha na atualização de Administrador: E-mail já está em uso, Cell já está em uso
2025-09-25 18:36:37.569 WARN  [http-nio-8080-exec-7] o.s.w.s.m.m.a.ExceptionHandlerExceptionResolver - [adminmaster@sistema.com] [dc26b60d-bdce-4fa3-a47f-d8e5991e3a6b] Resolved [br.com.alevhvm.adotai.common.exceptions.ValidacaoException: Erro(s) de validação]
2025-09-25 18:37:05.444 DEBUG [http-nio-8080-exec-8] b.c.a.a.a.s.AdministradorService - [adminmaster@sistema.com] [3048e6f5-984f-4d1b-a901-bcc6dcb167a5] Iniciando atualização parcial do administrador com nomeUsuario = NomeAdministradorMestre
2025-09-25 18:37:05.476 INFO  [http-nio-8080-exec-8] b.c.a.a.a.s.AdministradorService - [adminmaster@sistema.com] [3048e6f5-984f-4d1b-a901-bcc6dcb167a5] Administrador NomeAdministradorMestre atualizado parcialmente com sucesso.
2025-09-25 18:37:23.853 INFO  [background-preinit] o.h.validator.internal.util.Version - [anon] [noreq] HV000001: Hibernate Validator 8.0.2.Final
2025-09-25 18:37:24.046 INFO  [restartedMain] br.com.alevhvm.adotai.Startup - [anon] [noreq] Starting Startup using Java 21.0.7 with PID 10968 (C:\Users\ale_h\OneDrive\Área de Trabalho\sistema-adocao-pets\backend\target\classes started by ale_h in C:\Users\ale_h\OneDrive\Área de Trabalho\sistema-adocao-pets\backend)
2025-09-25 18:37:24.048 DEBUG [restartedMain] br.com.alevhvm.adotai.Startup - [anon] [noreq] Running with Spring Boot v3.4.6, Spring v6.2.7
2025-09-25 18:37:24.052 INFO  [restartedMain] br.com.alevhvm.adotai.Startup - [anon] [noreq] No active profile set, falling back to 1 default profile: "default"
2025-09-25 18:37:24.301 INFO  [restartedMain] o.s.b.d.e.DevToolsPropertyDefaultsPostProcessor - [anon] [noreq] Devtools property defaults active! Set 'spring.devtools.add-properties' to 'false' to disable
2025-09-25 18:37:24.302 INFO  [restartedMain] o.s.b.d.e.DevToolsPropertyDefaultsPostProcessor - [anon] [noreq] For additional web related logging consider setting the 'logging.level.web' property to 'DEBUG'
2025-09-25 18:37:28.868 INFO  [restartedMain] o.s.d.r.c.RepositoryConfigurationDelegate - [anon] [noreq] Bootstrapping Spring Data JPA repositories in DEFAULT mode.
2025-09-25 18:37:29.226 INFO  [restartedMain] o.s.d.r.c.RepositoryConfigurationDelegate - [anon] [noreq] Finished Spring Data repository scanning in 323 ms. Found 6 JPA repository interfaces.
2025-09-25 18:37:31.433 INFO  [restartedMain] o.s.b.w.e.tomcat.TomcatWebServer - [anon] [noreq] Tomcat initialized with port 8080 (http)
2025-09-25 18:37:31.466 INFO  [restartedMain] o.a.coyote.http11.Http11NioProtocol - [anon] [noreq] Initializing ProtocolHandler ["http-nio-8080"]
2025-09-25 18:37:31.474 INFO  [restartedMain] o.a.catalina.core.StandardService - [anon] [noreq] Starting service [Tomcat]
2025-09-25 18:37:31.475 INFO  [restartedMain] o.a.catalina.core.StandardEngine - [anon] [noreq] Starting Servlet engine: [Apache Tomcat/10.1.41]
2025-09-25 18:37:31.683 INFO  [restartedMain] o.a.c.c.C.[Tomcat].[localhost].[/] - [anon] [noreq] Initializing Spring embedded WebApplicationContext
2025-09-25 18:37:31.684 INFO  [restartedMain] o.s.b.w.s.c.ServletWebServerApplicationContext - [anon] [noreq] Root WebApplicationContext: initialization completed in 7379 ms
2025-09-25 18:37:32.823 INFO  [restartedMain] com.zaxxer.hikari.HikariDataSource - [anon] [noreq] HikariPool-1 - Starting...
2025-09-25 18:37:33.265 INFO  [restartedMain] com.zaxxer.hikari.pool.HikariPool - [anon] [noreq] HikariPool-1 - Added connection org.postgresql.jdbc.PgConnection@7a6b1e79
2025-09-25 18:37:33.269 INFO  [restartedMain] com.zaxxer.hikari.HikariDataSource - [anon] [noreq] HikariPool-1 - Start completed.
2025-09-25 18:37:33.344 INFO  [restartedMain] org.flywaydb.core.FlywayExecutor - [anon] [noreq] Database: jdbc:postgresql://localhost:5432/ongadocoes (PostgreSQL 17.5)
2025-09-25 18:37:33.495 INFO  [restartedMain] o.f.core.internal.command.DbValidate - [anon] [noreq] Successfully validated 12 migrations (execution time 00:00.100s)
2025-09-25 18:37:33.539 INFO  [restartedMain] o.f.core.internal.command.DbMigrate - [anon] [noreq] Current version of schema "public": 12
2025-09-25 18:37:33.550 INFO  [restartedMain] o.f.core.internal.command.DbMigrate - [anon] [noreq] Schema "public" is up to date. No migration necessary.
2025-09-25 18:37:34.032 INFO  [restartedMain] o.h.jpa.internal.util.LogHelper - [anon] [noreq] HHH000204: Processing PersistenceUnitInfo [name: default]
2025-09-25 18:37:34.254 INFO  [restartedMain] org.hibernate.Version - [anon] [noreq] HHH000412: Hibernate ORM core version 6.6.15.Final
2025-09-25 18:37:34.422 INFO  [restartedMain] o.h.c.i.RegionFactoryInitiator - [anon] [noreq] HHH000026: Second-level cache disabled
2025-09-25 18:37:35.298 INFO  [restartedMain] o.s.o.j.p.SpringPersistenceUnitInfo - [anon] [noreq] No LoadTimeWeaver setup: ignoring JPA class transformer
2025-09-25 18:37:35.539 INFO  [restartedMain] o.hibernate.orm.connections.pooling - [anon] [noreq] HHH10001005: Database info:
	Database JDBC URL [Connecting through datasource 'HikariDataSource (HikariPool-1)']
	Database driver: undefined/unknown
	Database version: 17.5
	Autocommit mode: undefined/unknown
	Isolation level: undefined/unknown
	Minimum pool size: undefined/unknown
	Maximum pool size: undefined/unknown
2025-09-25 18:37:38.375 INFO  [restartedMain] o.h.e.t.j.p.i.JtaPlatformInitiator - [anon] [noreq] HHH000489: No JTA platform available (set 'hibernate.transaction.jta.platform' to enable JTA platform integration)
2025-09-25 18:37:38.462 INFO  [restartedMain] o.s.o.j.LocalContainerEntityManagerFactoryBean - [anon] [noreq] Initialized JPA EntityManagerFactory for persistence unit 'default'
2025-09-25 18:37:39.269 DEBUG [restartedMain] b.c.a.adotai.common.config.MDCFilter - [anon] [noreq] Filter 'MDCFilter' configured for use
2025-09-25 18:37:39.269 DEBUG [restartedMain] b.c.a.a.auth.security.SecurityFilter - [anon] [noreq] Filter 'securityFilter' configured for use
2025-09-25 18:37:39.576 INFO  [restartedMain] o.s.s.c.a.a.c.InitializeUserDetailsBeanManagerConfigurer$InitializeUserDetailsManagerConfigurer - [anon] [noreq] Global AuthenticationManager configured with UserDetailsService bean with name authService
2025-09-25 18:37:39.788 INFO  [restartedMain] o.s.d.j.r.query.QueryEnhancerFactory - [anon] [noreq] Hibernate is in classpath; If applicable, HQL parser will be used.
2025-09-25 18:37:42.243 INFO  [restartedMain] o.f.c.i.command.clean.CleanExecutor - [anon] [noreq] Successfully dropped pre-schema database level objects (execution time 00:00.000s)
2025-09-25 18:37:42.356 INFO  [restartedMain] o.f.c.i.command.clean.CleanExecutor - [anon] [noreq] Successfully cleaned schema "public" (execution time 00:00.110s)
2025-09-25 18:37:42.379 INFO  [restartedMain] o.f.c.i.command.clean.CleanExecutor - [anon] [noreq] Successfully cleaned schema "public" (execution time 00:00.022s)
2025-09-25 18:37:42.381 INFO  [restartedMain] o.f.c.i.command.clean.CleanExecutor - [anon] [noreq] Successfully dropped post-schema database level objects (execution time 00:00.001s)
2025-09-25 18:37:42.422 INFO  [restartedMain] o.f.c.i.s.JdbcTableSchemaHistory - [anon] [noreq] Schema history table "public"."flyway_schema_history" does not exist yet
2025-09-25 18:37:42.423 INFO  [restartedMain] o.f.core.internal.command.DbValidate - [anon] [noreq] Successfully validated 12 migrations (execution time 00:00.021s)
2025-09-25 18:37:42.433 INFO  [restartedMain] org.flywaydb.core.Flyway - [anon] [noreq] All configured schemas are empty; baseline operation skipped. A baseline or migration script with a lower version than the baseline version may execute if available. Check the Schemas parameter if this is not intended.
2025-09-25 18:37:42.438 INFO  [restartedMain] o.f.c.i.s.JdbcTableSchemaHistory - [anon] [noreq] Creating Schema History table "public"."flyway_schema_history" ...
2025-09-25 18:37:42.502 INFO  [restartedMain] o.f.core.internal.command.DbMigrate - [anon] [noreq] Current version of schema "public": << Empty Schema >>
2025-09-25 18:37:42.517 INFO  [restartedMain] o.f.core.internal.command.DbMigrate - [anon] [noreq] Migrating schema "public" to version "1 - create usuario table"
2025-09-25 18:37:42.575 INFO  [restartedMain] o.f.core.internal.command.DbMigrate - [anon] [noreq] Migrating schema "public" to version "2 - create ong table"
2025-09-25 18:37:42.610 INFO  [restartedMain] o.f.core.internal.command.DbMigrate - [anon] [noreq] Migrating schema "public" to version "3 - create animal table"
2025-09-25 18:37:42.637 INFO  [restartedMain] o.f.core.internal.command.DbMigrate - [anon] [noreq] Migrating schema "public" to version "4 - create adocao table"
2025-09-25 18:37:42.661 INFO  [restartedMain] o.f.core.internal.command.DbMigrate - [anon] [noreq] Migrating schema "public" to version "5 - create administrador table"
2025-09-25 18:37:42.696 INFO  [restartedMain] o.f.core.internal.command.DbMigrate - [anon] [noreq] Migrating schema "public" to version "6 - create usuarios animais favoritos table"
2025-09-25 18:37:42.722 INFO  [restartedMain] o.f.core.internal.command.DbMigrate - [anon] [noreq] Migrating schema "public" to version "7 - create view usuario ong"
2025-09-25 18:37:42.744 INFO  [restartedMain] o.f.core.internal.command.DbMigrate - [anon] [noreq] Migrating schema "public" to version "8 - insert usuarios iniciais"
2025-09-25 18:37:42.768 INFO  [restartedMain] o.f.core.internal.command.DbMigrate - [anon] [noreq] Migrating schema "public" to version "9 - insert ongs iniciais"
2025-09-25 18:37:42.789 INFO  [restartedMain] o.f.core.internal.command.DbMigrate - [anon] [noreq] Migrating schema "public" to version "10 - insert animais iniciais"
2025-09-25 18:37:42.808 INFO  [restartedMain] o.f.core.internal.command.DbMigrate - [anon] [noreq] Migrating schema "public" to version "11 - insert adocoes inicias"
2025-09-25 18:37:42.829 INFO  [restartedMain] o.f.core.internal.command.DbMigrate - [anon] [noreq] Migrating schema "public" to version "12 - insert administradores iniciais"
2025-09-25 18:37:42.851 INFO  [restartedMain] o.f.core.internal.command.DbMigrate - [anon] [noreq] Successfully applied 12 migrations to schema "public", now at version v12 (execution time 00:00.147s)
2025-09-25 18:37:43.230 WARN  [restartedMain] o.s.b.a.o.j.JpaBaseConfiguration$JpaWebConfiguration - [anon] [noreq] spring.jpa.open-in-view is enabled by default. Therefore, database queries may be performed during view rendering. Explicitly configure spring.jpa.open-in-view to disable this warning
2025-09-25 18:37:44.341 INFO  [restartedMain] o.s.b.a.e.web.EndpointLinksResolver - [anon] [noreq] Exposing 1 endpoint beneath base path '/actuator'
2025-09-25 18:37:45.814 INFO  [restartedMain] o.s.b.d.a.OptionalLiveReloadServer - [anon] [noreq] LiveReload server is running on port 35729
2025-09-25 18:37:45.969 INFO  [restartedMain] o.a.coyote.http11.Http11NioProtocol - [anon] [noreq] Starting ProtocolHandler ["http-nio-8080"]
2025-09-25 18:37:46.023 INFO  [restartedMain] o.s.b.w.e.tomcat.TomcatWebServer - [anon] [noreq] Tomcat started on port 8080 (http) with context path '/'
2025-09-25 18:37:46.090 INFO  [restartedMain] br.com.alevhvm.adotai.Startup - [anon] [noreq] Started Startup in 23.712 seconds (process running for 25.551)
2025-09-25 18:37:46.516 INFO  [RMI TCP Connection(2)-127.0.0.1] o.a.c.c.C.[Tomcat].[localhost].[/] - [anon] [noreq] Initializing Spring DispatcherServlet 'dispatcherServlet'
2025-09-25 18:37:46.517 INFO  [RMI TCP Connection(2)-127.0.0.1] o.s.web.servlet.DispatcherServlet - [anon] [noreq] Initializing Servlet 'dispatcherServlet'
2025-09-25 18:37:46.521 INFO  [RMI TCP Connection(2)-127.0.0.1] o.s.web.servlet.DispatcherServlet - [anon] [noreq] Completed initialization in 2 ms
2025-09-25 18:37:56.253 DEBUG [http-nio-8080-exec-1] b.c.a.a.a.s.AdministradorService - [adminmaster@sistema.com] [18199bb8-ad08-4d92-9467-9d5f8978e910] Iniciando atualizacao do administrador normal NomeAdministrador1 para administrador master
2025-09-25 18:37:56.284 INFO  [http-nio-8080-exec-1] c.g.d.core.util.RuntimeUtils - [adminmaster@sistema.com] [18199bb8-ad08-4d92-9467-9d5f8978e910] OSGi support is false
2025-09-25 18:37:56.289 INFO  [http-nio-8080-exec-1] c.g.d.core.DozerBeanMapperBuilder - [adminmaster@sistema.com] [18199bb8-ad08-4d92-9467-9d5f8978e910] Initializing Dozer. Version: 7.0.0, Thread Name: http-nio-8080-exec-1
2025-09-25 18:37:56.303 INFO  [http-nio-8080-exec-1] c.g.d.c.c.r.LegacyPropertiesSettingsResolver - [adminmaster@sistema.com] [18199bb8-ad08-4d92-9467-9d5f8978e910] Trying to find Dozer configuration file: dozer.properties
2025-09-25 18:37:56.305 INFO  [http-nio-8080-exec-1] c.g.d.c.c.r.LegacyPropertiesSettingsResolver - [adminmaster@sistema.com] [18199bb8-ad08-4d92-9467-9d5f8978e910] Failed to find dozer.properties via com.github.dozermapper.core.config.resolvers.LegacyPropertiesSettingsResolver.
2025-09-25 18:37:56.316 INFO  [http-nio-8080-exec-1] c.g.d.core.el.ELExpressionFactory - [adminmaster@sistema.com] [18199bb8-ad08-4d92-9467-9d5f8978e910] jakarta.el is not supported; Failed to resolve ExpressionFactory, com.sun.el.ExpressionFactoryImpl
2025-09-25 18:39:53.272 INFO  [background-preinit] o.h.validator.internal.util.Version - [anon] [noreq] HV000001: Hibernate Validator 8.0.2.Final
2025-09-25 18:39:53.481 INFO  [restartedMain] br.com.alevhvm.adotai.Startup - [anon] [noreq] Starting Startup using Java 21.0.7 with PID 9772 (C:\Users\ale_h\OneDrive\Área de Trabalho\sistema-adocao-pets\backend\target\classes started by ale_h in C:\Users\ale_h\OneDrive\Área de Trabalho\sistema-adocao-pets\backend)
2025-09-25 18:39:53.483 DEBUG [restartedMain] br.com.alevhvm.adotai.Startup - [anon] [noreq] Running with Spring Boot v3.4.6, Spring v6.2.7
2025-09-25 18:39:53.485 INFO  [restartedMain] br.com.alevhvm.adotai.Startup - [anon] [noreq] No active profile set, falling back to 1 default profile: "default"
2025-09-25 18:39:53.701 INFO  [restartedMain] o.s.b.d.e.DevToolsPropertyDefaultsPostProcessor - [anon] [noreq] Devtools property defaults active! Set 'spring.devtools.add-properties' to 'false' to disable
2025-09-25 18:39:53.705 INFO  [restartedMain] o.s.b.d.e.DevToolsPropertyDefaultsPostProcessor - [anon] [noreq] For additional web related logging consider setting the 'logging.level.web' property to 'DEBUG'
2025-09-25 18:39:58.287 INFO  [restartedMain] o.s.d.r.c.RepositoryConfigurationDelegate - [anon] [noreq] Bootstrapping Spring Data JPA repositories in DEFAULT mode.
2025-09-25 18:39:58.599 INFO  [restartedMain] o.s.d.r.c.RepositoryConfigurationDelegate - [anon] [noreq] Finished Spring Data repository scanning in 281 ms. Found 6 JPA repository interfaces.
2025-09-25 18:40:00.806 INFO  [restartedMain] o.s.b.w.e.tomcat.TomcatWebServer - [anon] [noreq] Tomcat initialized with port 8080 (http)
2025-09-25 18:40:00.839 INFO  [restartedMain] o.a.coyote.http11.Http11NioProtocol - [anon] [noreq] Initializing ProtocolHandler ["http-nio-8080"]
2025-09-25 18:40:00.845 INFO  [restartedMain] o.a.catalina.core.StandardService - [anon] [noreq] Starting service [Tomcat]
2025-09-25 18:40:00.846 INFO  [restartedMain] o.a.catalina.core.StandardEngine - [anon] [noreq] Starting Servlet engine: [Apache Tomcat/10.1.41]
2025-09-25 18:40:01.189 INFO  [restartedMain] o.a.c.c.C.[Tomcat].[localhost].[/] - [anon] [noreq] Initializing Spring embedded WebApplicationContext
2025-09-25 18:40:01.190 INFO  [restartedMain] o.s.b.w.s.c.ServletWebServerApplicationContext - [anon] [noreq] Root WebApplicationContext: initialization completed in 7481 ms
2025-09-25 18:40:02.433 INFO  [restartedMain] com.zaxxer.hikari.HikariDataSource - [anon] [noreq] HikariPool-1 - Starting...
2025-09-25 18:40:02.959 INFO  [restartedMain] com.zaxxer.hikari.pool.HikariPool - [anon] [noreq] HikariPool-1 - Added connection org.postgresql.jdbc.PgConnection@5601268a
2025-09-25 18:40:02.966 INFO  [restartedMain] com.zaxxer.hikari.HikariDataSource - [anon] [noreq] HikariPool-1 - Start completed.
2025-09-25 18:40:03.073 INFO  [restartedMain] org.flywaydb.core.FlywayExecutor - [anon] [noreq] Database: jdbc:postgresql://localhost:5432/ongadocoes (PostgreSQL 17.5)
2025-09-25 18:40:03.268 INFO  [restartedMain] o.f.core.internal.command.DbValidate - [anon] [noreq] Successfully validated 12 migrations (execution time 00:00.116s)
2025-09-25 18:40:03.318 INFO  [restartedMain] o.f.core.internal.command.DbMigrate - [anon] [noreq] Current version of schema "public": 12
2025-09-25 18:40:03.328 INFO  [restartedMain] o.f.core.internal.command.DbMigrate - [anon] [noreq] Schema "public" is up to date. No migration necessary.
2025-09-25 18:40:03.719 INFO  [restartedMain] o.h.jpa.internal.util.LogHelper - [anon] [noreq] HHH000204: Processing PersistenceUnitInfo [name: default]
2025-09-25 18:40:03.947 INFO  [restartedMain] org.hibernate.Version - [anon] [noreq] HHH000412: Hibernate ORM core version 6.6.15.Final
2025-09-25 18:40:04.082 INFO  [restartedMain] o.h.c.i.RegionFactoryInitiator - [anon] [noreq] HHH000026: Second-level cache disabled
2025-09-25 18:40:04.797 INFO  [restartedMain] o.s.o.j.p.SpringPersistenceUnitInfo - [anon] [noreq] No LoadTimeWeaver setup: ignoring JPA class transformer
2025-09-25 18:40:04.988 INFO  [restartedMain] o.hibernate.orm.connections.pooling - [anon] [noreq] HHH10001005: Database info:
	Database JDBC URL [Connecting through datasource 'HikariDataSource (HikariPool-1)']
	Database driver: undefined/unknown
	Database version: 17.5
	Autocommit mode: undefined/unknown
	Isolation level: undefined/unknown
	Minimum pool size: undefined/unknown
	Maximum pool size: undefined/unknown
2025-09-25 18:40:07.879 INFO  [restartedMain] o.h.e.t.j.p.i.JtaPlatformInitiator - [anon] [noreq] HHH000489: No JTA platform available (set 'hibernate.transaction.jta.platform' to enable JTA platform integration)
2025-09-25 18:40:07.970 INFO  [restartedMain] o.s.o.j.LocalContainerEntityManagerFactoryBean - [anon] [noreq] Initialized JPA EntityManagerFactory for persistence unit 'default'
2025-09-25 18:40:08.834 DEBUG [restartedMain] b.c.a.adotai.common.config.MDCFilter - [anon] [noreq] Filter 'MDCFilter' configured for use
2025-09-25 18:40:08.834 DEBUG [restartedMain] b.c.a.a.auth.security.SecurityFilter - [anon] [noreq] Filter 'securityFilter' configured for use
2025-09-25 18:40:09.133 INFO  [restartedMain] o.s.s.c.a.a.c.InitializeUserDetailsBeanManagerConfigurer$InitializeUserDetailsManagerConfigurer - [anon] [noreq] Global AuthenticationManager configured with UserDetailsService bean with name authService
2025-09-25 18:40:09.360 INFO  [restartedMain] o.s.d.j.r.query.QueryEnhancerFactory - [anon] [noreq] Hibernate is in classpath; If applicable, HQL parser will be used.
2025-09-25 18:40:11.769 INFO  [restartedMain] o.f.c.i.command.clean.CleanExecutor - [anon] [noreq] Successfully dropped pre-schema database level objects (execution time 00:00.000s)
2025-09-25 18:40:11.897 INFO  [restartedMain] o.f.c.i.command.clean.CleanExecutor - [anon] [noreq] Successfully cleaned schema "public" (execution time 00:00.125s)
2025-09-25 18:40:11.920 INFO  [restartedMain] o.f.c.i.command.clean.CleanExecutor - [anon] [noreq] Successfully cleaned schema "public" (execution time 00:00.022s)
2025-09-25 18:40:11.921 INFO  [restartedMain] o.f.c.i.command.clean.CleanExecutor - [anon] [noreq] Successfully dropped post-schema database level objects (execution time 00:00.000s)
2025-09-25 18:40:11.955 INFO  [restartedMain] o.f.c.i.s.JdbcTableSchemaHistory - [anon] [noreq] Schema history table "public"."flyway_schema_history" does not exist yet
2025-09-25 18:40:11.956 INFO  [restartedMain] o.f.core.internal.command.DbValidate - [anon] [noreq] Successfully validated 12 migrations (execution time 00:00.017s)
2025-09-25 18:40:11.966 INFO  [restartedMain] org.flywaydb.core.Flyway - [anon] [noreq] All configured schemas are empty; baseline operation skipped. A baseline or migration script with a lower version than the baseline version may execute if available. Check the Schemas parameter if this is not intended.
2025-09-25 18:40:11.970 INFO  [restartedMain] o.f.c.i.s.JdbcTableSchemaHistory - [anon] [noreq] Creating Schema History table "public"."flyway_schema_history" ...
2025-09-25 18:40:12.028 INFO  [restartedMain] o.f.core.internal.command.DbMigrate - [anon] [noreq] Current version of schema "public": << Empty Schema >>
2025-09-25 18:40:12.041 INFO  [restartedMain] o.f.core.internal.command.DbMigrate - [anon] [noreq] Migrating schema "public" to version "1 - create usuario table"
2025-09-25 18:40:12.098 INFO  [restartedMain] o.f.core.internal.command.DbMigrate - [anon] [noreq] Migrating schema "public" to version "2 - create ong table"
2025-09-25 18:40:12.130 INFO  [restartedMain] o.f.core.internal.command.DbMigrate - [anon] [noreq] Migrating schema "public" to version "3 - create animal table"
2025-09-25 18:40:12.155 INFO  [restartedMain] o.f.core.internal.command.DbMigrate - [anon] [noreq] Migrating schema "public" to version "4 - create adocao table"
2025-09-25 18:40:12.181 INFO  [restartedMain] o.f.core.internal.command.DbMigrate - [anon] [noreq] Migrating schema "public" to version "5 - create administrador table"
2025-09-25 18:40:12.216 INFO  [restartedMain] o.f.core.internal.command.DbMigrate - [anon] [noreq] Migrating schema "public" to version "6 - create usuarios animais favoritos table"
2025-09-25 18:40:12.241 INFO  [restartedMain] o.f.core.internal.command.DbMigrate - [anon] [noreq] Migrating schema "public" to version "7 - create view usuario ong"
2025-09-25 18:40:12.261 INFO  [restartedMain] o.f.core.internal.command.DbMigrate - [anon] [noreq] Migrating schema "public" to version "8 - insert usuarios iniciais"
2025-09-25 18:40:12.283 INFO  [restartedMain] o.f.core.internal.command.DbMigrate - [anon] [noreq] Migrating schema "public" to version "9 - insert ongs iniciais"
2025-09-25 18:40:12.311 INFO  [restartedMain] o.f.core.internal.command.DbMigrate - [anon] [noreq] Migrating schema "public" to version "10 - insert animais iniciais"
2025-09-25 18:40:12.335 INFO  [restartedMain] o.f.core.internal.command.DbMigrate - [anon] [noreq] Migrating schema "public" to version "11 - insert adocoes inicias"
2025-09-25 18:40:12.360 INFO  [restartedMain] o.f.core.internal.command.DbMigrate - [anon] [noreq] Migrating schema "public" to version "12 - insert administradores iniciais"
2025-09-25 18:40:12.384 INFO  [restartedMain] o.f.core.internal.command.DbMigrate - [anon] [noreq] Successfully applied 12 migrations to schema "public", now at version v12 (execution time 00:00.152s)
2025-09-25 18:40:12.714 WARN  [restartedMain] o.s.b.a.o.j.JpaBaseConfiguration$JpaWebConfiguration - [anon] [noreq] spring.jpa.open-in-view is enabled by default. Therefore, database queries may be performed during view rendering. Explicitly configure spring.jpa.open-in-view to disable this warning
2025-09-25 18:40:13.901 INFO  [restartedMain] o.s.b.a.e.web.EndpointLinksResolver - [anon] [noreq] Exposing 1 endpoint beneath base path '/actuator'
2025-09-25 18:40:15.256 INFO  [restartedMain] o.s.b.d.a.OptionalLiveReloadServer - [anon] [noreq] LiveReload server is running on port 35729
2025-09-25 18:40:15.449 INFO  [restartedMain] o.a.coyote.http11.Http11NioProtocol - [anon] [noreq] Starting ProtocolHandler ["http-nio-8080"]
2025-09-25 18:40:15.551 INFO  [restartedMain] o.s.b.w.e.tomcat.TomcatWebServer - [anon] [noreq] Tomcat started on port 8080 (http) with context path '/'
2025-09-25 18:40:15.596 INFO  [restartedMain] br.com.alevhvm.adotai.Startup - [anon] [noreq] Started Startup in 23.832 seconds (process running for 25.717)
2025-09-25 18:40:15.697 INFO  [RMI TCP Connection(3)-127.0.0.1] o.a.c.c.C.[Tomcat].[localhost].[/] - [anon] [noreq] Initializing Spring DispatcherServlet 'dispatcherServlet'
2025-09-25 18:40:15.698 INFO  [RMI TCP Connection(3)-127.0.0.1] o.s.web.servlet.DispatcherServlet - [anon] [noreq] Initializing Servlet 'dispatcherServlet'
2025-09-25 18:40:15.700 INFO  [RMI TCP Connection(3)-127.0.0.1] o.s.web.servlet.DispatcherServlet - [anon] [noreq] Completed initialization in 2 ms
2025-09-25 18:40:23.886 DEBUG [http-nio-8080-exec-2] b.c.a.a.a.s.AdministradorService - [adminmaster@sistema.com] [dc25881d-acb9-41be-8bc0-16f0405fb495] Iniciando atualizacao do administrador normal NomeAdministrador1 para administrador master
2025-09-25 18:40:23.911 INFO  [http-nio-8080-exec-2] c.g.d.core.util.RuntimeUtils - [adminmaster@sistema.com] [dc25881d-acb9-41be-8bc0-16f0405fb495] OSGi support is false
2025-09-25 18:40:23.915 INFO  [http-nio-8080-exec-2] c.g.d.core.DozerBeanMapperBuilder - [adminmaster@sistema.com] [dc25881d-acb9-41be-8bc0-16f0405fb495] Initializing Dozer. Version: 7.0.0, Thread Name: http-nio-8080-exec-2
2025-09-25 18:40:23.925 INFO  [http-nio-8080-exec-2] c.g.d.c.c.r.LegacyPropertiesSettingsResolver - [adminmaster@sistema.com] [dc25881d-acb9-41be-8bc0-16f0405fb495] Trying to find Dozer configuration file: dozer.properties
2025-09-25 18:40:23.927 INFO  [http-nio-8080-exec-2] c.g.d.c.c.r.LegacyPropertiesSettingsResolver - [adminmaster@sistema.com] [dc25881d-acb9-41be-8bc0-16f0405fb495] Failed to find dozer.properties via com.github.dozermapper.core.config.resolvers.LegacyPropertiesSettingsResolver.
2025-09-25 18:40:23.937 INFO  [http-nio-8080-exec-2] c.g.d.core.el.ELExpressionFactory - [adminmaster@sistema.com] [dc25881d-acb9-41be-8bc0-16f0405fb495] jakarta.el is not supported; Failed to resolve ExpressionFactory, com.sun.el.ExpressionFactoryImpl
2025-09-25 18:40:24.414 INFO  [http-nio-8080-exec-2] b.c.a.a.a.s.AdministradorService - [adminmaster@sistema.com] [dc25881d-acb9-41be-8bc0-16f0405fb495] Administrador NomeAdministrador1 atualizado para Master com sucesso.
2025-09-25 18:40:29.919 DEBUG [http-nio-8080-exec-4] b.c.a.a.a.s.AdministradorService - [adminmaster@sistema.com] [5da75a15-3333-4be6-9d3f-0ed74dedb162] Iniciando atualizacao do administrador normal NomeAdministrador1 para administrador master
2025-09-25 18:40:29.924 WARN  [http-nio-8080-exec-4] b.c.a.a.a.s.AdministradorService - [adminmaster@sistema.com] [5da75a15-3333-4be6-9d3f-0ed74dedb162] O Administrador NomeAdministrador1 já é Master
2025-09-25 18:40:29.959 WARN  [http-nio-8080-exec-4] o.s.w.s.m.m.a.ExceptionHandlerExceptionResolver - [adminmaster@sistema.com] [5da75a15-3333-4be6-9d3f-0ed74dedb162] Resolved [br.com.alevhvm.adotai.administrador.exception.AdmIsMasterException: Esse administrador já é ADMINMASTER.]
2025-09-25 18:40:45.135 DEBUG [http-nio-8080-exec-3] b.c.a.a.a.s.AdministradorService - [adminmaster@sistema.com] [c3f8aa0a-11ec-4799-a053-d78e0e608aa8] Iniciando busca de todos os administradores
2025-09-25 18:40:45.156 INFO  [http-nio-8080-exec-3] b.c.a.a.a.s.AdministradorService - [adminmaster@sistema.com] [c3f8aa0a-11ec-4799-a053-d78e0e608aa8] Encontrada(s) 1 página(s), com 2 Administrador(es)
2025-09-25 18:41:01.932 WARN  [http-nio-8080-exec-6] o.s.w.s.m.m.a.ExceptionHandlerExceptionResolver - [anonymous] [26992b64-8060-46e5-b06f-15e83d42f24b] Resolved [org.springframework.web.servlet.resource.NoResourceFoundException: No static resource auth/admin/login/NomeAdministrador1.]
2025-09-25 18:41:28.071 INFO  [background-preinit] o.h.validator.internal.util.Version - [anon] [noreq] HV000001: Hibernate Validator 8.0.2.Final
2025-09-25 18:41:28.237 INFO  [restartedMain] br.com.alevhvm.adotai.Startup - [anon] [noreq] Starting Startup using Java 21.0.7 with PID 16392 (C:\Users\ale_h\OneDrive\Área de Trabalho\sistema-adocao-pets\backend\target\classes started by ale_h in C:\Users\ale_h\OneDrive\Área de Trabalho\sistema-adocao-pets\backend)
2025-09-25 18:41:28.237 DEBUG [restartedMain] br.com.alevhvm.adotai.Startup - [anon] [noreq] Running with Spring Boot v3.4.6, Spring v6.2.7
2025-09-25 18:41:28.237 INFO  [restartedMain] br.com.alevhvm.adotai.Startup - [anon] [noreq] No active profile set, falling back to 1 default profile: "default"
2025-09-25 18:41:28.444 INFO  [restartedMain] o.s.b.d.e.DevToolsPropertyDefaultsPostProcessor - [anon] [noreq] Devtools property defaults active! Set 'spring.devtools.add-properties' to 'false' to disable
2025-09-25 18:41:28.445 INFO  [restartedMain] o.s.b.d.e.DevToolsPropertyDefaultsPostProcessor - [anon] [noreq] For additional web related logging consider setting the 'logging.level.web' property to 'DEBUG'
2025-09-25 18:41:32.998 INFO  [restartedMain] o.s.d.r.c.RepositoryConfigurationDelegate - [anon] [noreq] Bootstrapping Spring Data JPA repositories in DEFAULT mode.
2025-09-25 18:41:33.337 INFO  [restartedMain] o.s.d.r.c.RepositoryConfigurationDelegate - [anon] [noreq] Finished Spring Data repository scanning in 305 ms. Found 6 JPA repository interfaces.
2025-09-25 18:41:35.411 INFO  [restartedMain] o.s.b.w.e.tomcat.TomcatWebServer - [anon] [noreq] Tomcat initialized with port 8080 (http)
2025-09-25 18:41:35.450 INFO  [restartedMain] o.a.coyote.http11.Http11NioProtocol - [anon] [noreq] Initializing ProtocolHandler ["http-nio-8080"]
2025-09-25 18:41:35.457 INFO  [restartedMain] o.a.catalina.core.StandardService - [anon] [noreq] Starting service [Tomcat]
2025-09-25 18:41:35.458 INFO  [restartedMain] o.a.catalina.core.StandardEngine - [anon] [noreq] Starting Servlet engine: [Apache Tomcat/10.1.41]
2025-09-25 18:41:35.685 INFO  [restartedMain] o.a.c.c.C.[Tomcat].[localhost].[/] - [anon] [noreq] Initializing Spring embedded WebApplicationContext
2025-09-25 18:41:35.687 INFO  [restartedMain] o.s.b.w.s.c.ServletWebServerApplicationContext - [anon] [noreq] Root WebApplicationContext: initialization completed in 7239 ms
2025-09-25 18:41:36.846 INFO  [restartedMain] com.zaxxer.hikari.HikariDataSource - [anon] [noreq] HikariPool-1 - Starting...
2025-09-25 18:41:37.310 INFO  [restartedMain] com.zaxxer.hikari.pool.HikariPool - [anon] [noreq] HikariPool-1 - Added connection org.postgresql.jdbc.PgConnection@5dbe445f
2025-09-25 18:41:37.315 INFO  [restartedMain] com.zaxxer.hikari.HikariDataSource - [anon] [noreq] HikariPool-1 - Start completed.
2025-09-25 18:41:37.397 INFO  [restartedMain] org.flywaydb.core.FlywayExecutor - [anon] [noreq] Database: jdbc:postgresql://localhost:5432/ongadocoes (PostgreSQL 17.5)
2025-09-25 18:41:37.569 INFO  [restartedMain] o.f.core.internal.command.DbValidate - [anon] [noreq] Successfully validated 12 migrations (execution time 00:00.113s)
2025-09-25 18:41:37.608 INFO  [restartedMain] o.f.core.internal.command.DbMigrate - [anon] [noreq] Current version of schema "public": 12
2025-09-25 18:41:37.615 INFO  [restartedMain] o.f.core.internal.command.DbMigrate - [anon] [noreq] Schema "public" is up to date. No migration necessary.
2025-09-25 18:41:38.089 INFO  [restartedMain] o.h.jpa.internal.util.LogHelper - [anon] [noreq] HHH000204: Processing PersistenceUnitInfo [name: default]
2025-09-25 18:41:38.359 INFO  [restartedMain] org.hibernate.Version - [anon] [noreq] HHH000412: Hibernate ORM core version 6.6.15.Final
2025-09-25 18:41:38.532 INFO  [restartedMain] o.h.c.i.RegionFactoryInitiator - [anon] [noreq] HHH000026: Second-level cache disabled
2025-09-25 18:41:39.461 INFO  [restartedMain] o.s.o.j.p.SpringPersistenceUnitInfo - [anon] [noreq] No LoadTimeWeaver setup: ignoring JPA class transformer
2025-09-25 18:41:39.696 INFO  [restartedMain] o.hibernate.orm.connections.pooling - [anon] [noreq] HHH10001005: Database info:
	Database JDBC URL [Connecting through datasource 'HikariDataSource (HikariPool-1)']
	Database driver: undefined/unknown
	Database version: 17.5
	Autocommit mode: undefined/unknown
	Isolation level: undefined/unknown
	Minimum pool size: undefined/unknown
	Maximum pool size: undefined/unknown
2025-09-25 18:41:42.548 INFO  [restartedMain] o.h.e.t.j.p.i.JtaPlatformInitiator - [anon] [noreq] HHH000489: No JTA platform available (set 'hibernate.transaction.jta.platform' to enable JTA platform integration)
2025-09-25 18:41:42.629 INFO  [restartedMain] o.s.o.j.LocalContainerEntityManagerFactoryBean - [anon] [noreq] Initialized JPA EntityManagerFactory for persistence unit 'default'
2025-09-25 18:41:43.367 DEBUG [restartedMain] b.c.a.adotai.common.config.MDCFilter - [anon] [noreq] Filter 'MDCFilter' configured for use
2025-09-25 18:41:43.367 DEBUG [restartedMain] b.c.a.a.auth.security.SecurityFilter - [anon] [noreq] Filter 'securityFilter' configured for use
2025-09-25 18:41:43.616 INFO  [restartedMain] o.s.s.c.a.a.c.InitializeUserDetailsBeanManagerConfigurer$InitializeUserDetailsManagerConfigurer - [anon] [noreq] Global AuthenticationManager configured with UserDetailsService bean with name authService
2025-09-25 18:41:43.812 INFO  [restartedMain] o.s.d.j.r.query.QueryEnhancerFactory - [anon] [noreq] Hibernate is in classpath; If applicable, HQL parser will be used.
2025-09-25 18:41:46.227 INFO  [restartedMain] o.f.c.i.command.clean.CleanExecutor - [anon] [noreq] Successfully dropped pre-schema database level objects (execution time 00:00.000s)
2025-09-25 18:41:46.361 INFO  [restartedMain] o.f.c.i.command.clean.CleanExecutor - [anon] [noreq] Successfully cleaned schema "public" (execution time 00:00.131s)
2025-09-25 18:41:46.393 INFO  [restartedMain] o.f.c.i.command.clean.CleanExecutor - [anon] [noreq] Successfully cleaned schema "public" (execution time 00:00.030s)
2025-09-25 18:41:46.395 INFO  [restartedMain] o.f.c.i.command.clean.CleanExecutor - [anon] [noreq] Successfully dropped post-schema database level objects (execution time 00:00.000s)
2025-09-25 18:41:46.452 INFO  [restartedMain] o.f.c.i.s.JdbcTableSchemaHistory - [anon] [noreq] Schema history table "public"."flyway_schema_history" does not exist yet
2025-09-25 18:41:46.457 INFO  [restartedMain] o.f.core.internal.command.DbValidate - [anon] [noreq] Successfully validated 12 migrations (execution time 00:00.034s)
2025-09-25 18:41:46.467 INFO  [restartedMain] org.flywaydb.core.Flyway - [anon] [noreq] All configured schemas are empty; baseline operation skipped. A baseline or migration script with a lower version than the baseline version may execute if available. Check the Schemas parameter if this is not intended.
2025-09-25 18:41:46.475 INFO  [restartedMain] o.f.c.i.s.JdbcTableSchemaHistory - [anon] [noreq] Creating Schema History table "public"."flyway_schema_history" ...
2025-09-25 18:41:46.565 INFO  [restartedMain] o.f.core.internal.command.DbMigrate - [anon] [noreq] Current version of schema "public": << Empty Schema >>
2025-09-25 18:41:46.584 INFO  [restartedMain] o.f.core.internal.command.DbMigrate - [anon] [noreq] Migrating schema "public" to version "1 - create usuario table"
2025-09-25 18:41:46.678 INFO  [restartedMain] o.f.core.internal.command.DbMigrate - [anon] [noreq] Migrating schema "public" to version "2 - create ong table"
2025-09-25 18:41:46.738 INFO  [restartedMain] o.f.core.internal.command.DbMigrate - [anon] [noreq] Migrating schema "public" to version "3 - create animal table"
2025-09-25 18:41:46.771 INFO  [restartedMain] o.f.core.internal.command.DbMigrate - [anon] [noreq] Migrating schema "public" to version "4 - create adocao table"
2025-09-25 18:41:46.802 INFO  [restartedMain] o.f.core.internal.command.DbMigrate - [anon] [noreq] Migrating schema "public" to version "5 - create administrador table"
2025-09-25 18:41:46.841 INFO  [restartedMain] o.f.core.internal.command.DbMigrate - [anon] [noreq] Migrating schema "public" to version "6 - create usuarios animais favoritos table"
2025-09-25 18:41:46.871 INFO  [restartedMain] o.f.core.internal.command.DbMigrate - [anon] [noreq] Migrating schema "public" to version "7 - create view usuario ong"
2025-09-25 18:41:46.897 INFO  [restartedMain] o.f.core.internal.command.DbMigrate - [anon] [noreq] Migrating schema "public" to version "8 - insert usuarios iniciais"
2025-09-25 18:41:46.937 INFO  [restartedMain] o.f.core.internal.command.DbMigrate - [anon] [noreq] Migrating schema "public" to version "9 - insert ongs iniciais"
2025-09-25 18:41:46.959 INFO  [restartedMain] o.f.core.internal.command.DbMigrate - [anon] [noreq] Migrating schema "public" to version "10 - insert animais iniciais"
2025-09-25 18:41:46.981 INFO  [restartedMain] o.f.core.internal.command.DbMigrate - [anon] [noreq] Migrating schema "public" to version "11 - insert adocoes inicias"
2025-09-25 18:41:47.002 INFO  [restartedMain] o.f.core.internal.command.DbMigrate - [anon] [noreq] Migrating schema "public" to version "12 - insert administradores iniciais"
2025-09-25 18:41:47.026 INFO  [restartedMain] o.f.core.internal.command.DbMigrate - [anon] [noreq] Successfully applied 12 migrations to schema "public", now at version v12 (execution time 00:00.201s)
2025-09-25 18:41:47.435 WARN  [restartedMain] o.s.b.a.o.j.JpaBaseConfiguration$JpaWebConfiguration - [anon] [noreq] spring.jpa.open-in-view is enabled by default. Therefore, database queries may be performed during view rendering. Explicitly configure spring.jpa.open-in-view to disable this warning
2025-09-25 18:41:48.622 INFO  [restartedMain] o.s.b.a.e.web.EndpointLinksResolver - [anon] [noreq] Exposing 1 endpoint beneath base path '/actuator'
2025-09-25 18:41:49.840 INFO  [restartedMain] o.s.b.d.a.OptionalLiveReloadServer - [anon] [noreq] LiveReload server is running on port 35729
2025-09-25 18:41:49.978 INFO  [restartedMain] o.a.coyote.http11.Http11NioProtocol - [anon] [noreq] Starting ProtocolHandler ["http-nio-8080"]
2025-09-25 18:41:50.018 INFO  [restartedMain] o.s.b.w.e.tomcat.TomcatWebServer - [anon] [noreq] Tomcat started on port 8080 (http) with context path '/'
2025-09-25 18:41:50.059 INFO  [restartedMain] br.com.alevhvm.adotai.Startup - [anon] [noreq] Started Startup in 23.325 seconds (process running for 25.319)
2025-09-25 18:41:50.667 INFO  [RMI TCP Connection(2)-127.0.0.1] o.a.c.c.C.[Tomcat].[localhost].[/] - [anon] [noreq] Initializing Spring DispatcherServlet 'dispatcherServlet'
2025-09-25 18:41:50.668 INFO  [RMI TCP Connection(2)-127.0.0.1] o.s.web.servlet.DispatcherServlet - [anon] [noreq] Initializing Servlet 'dispatcherServlet'
2025-09-25 18:41:50.673 INFO  [RMI TCP Connection(2)-127.0.0.1] o.s.web.servlet.DispatcherServlet - [anon] [noreq] Completed initialization in 4 ms
2025-09-25 18:42:17.726 DEBUG [http-nio-8080-exec-1] b.c.a.a.a.s.AdministradorService - [anonymous] [a3fc0967-bf3c-465a-bdb9-e86ed59da069] Iniciando login do administrador adminmaster@sistema.com
2025-09-25 18:42:17.979 INFO  [http-nio-8080-exec-1] b.c.a.a.a.s.AdministradorService - [anonymous] [a3fc0967-bf3c-465a-bdb9-e86ed59da069] Administrador adminmaster@sistema.com logado com sucesso.
2025-09-25 18:42:21.312 DEBUG [http-nio-8080-exec-3] b.c.a.a.a.s.AdministradorService - [adminmaster@sistema.com] [29e13611-f75f-41f8-9aa4-5731cac5690d] Iniciando delecao do administrador NomeAdministrador1
2025-09-25 18:42:21.331 INFO  [http-nio-8080-exec-3] b.c.a.a.a.s.AdministradorService - [adminmaster@sistema.com] [29e13611-f75f-41f8-9aa4-5731cac5690d] Administrador NomeAdministrador1 deletado com sucesso.
2025-09-25 18:42:34.643 DEBUG [http-nio-8080-exec-4] b.c.a.a.a.s.AdministradorService - [adminmaster@sistema.com] [0af83e45-feb7-420c-bec8-7f2acd3ad8a9] Iniciando busca de todos os administradores
2025-09-25 18:42:34.669 INFO  [http-nio-8080-exec-4] b.c.a.a.a.s.AdministradorService - [adminmaster@sistema.com] [0af83e45-feb7-420c-bec8-7f2acd3ad8a9] Encontrada(s) 1 página(s), com 1 Administrador(es)
2025-09-25 18:42:34.679 INFO  [http-nio-8080-exec-4] c.g.d.core.util.RuntimeUtils - [adminmaster@sistema.com] [0af83e45-feb7-420c-bec8-7f2acd3ad8a9] OSGi support is false
2025-09-25 18:42:34.683 INFO  [http-nio-8080-exec-4] c.g.d.core.DozerBeanMapperBuilder - [adminmaster@sistema.com] [0af83e45-feb7-420c-bec8-7f2acd3ad8a9] Initializing Dozer. Version: 7.0.0, Thread Name: http-nio-8080-exec-4
2025-09-25 18:42:34.697 INFO  [http-nio-8080-exec-4] c.g.d.c.c.r.LegacyPropertiesSettingsResolver - [adminmaster@sistema.com] [0af83e45-feb7-420c-bec8-7f2acd3ad8a9] Trying to find Dozer configuration file: dozer.properties
2025-09-25 18:42:34.698 INFO  [http-nio-8080-exec-4] c.g.d.c.c.r.LegacyPropertiesSettingsResolver - [adminmaster@sistema.com] [0af83e45-feb7-420c-bec8-7f2acd3ad8a9] Failed to find dozer.properties via com.github.dozermapper.core.config.resolvers.LegacyPropertiesSettingsResolver.
2025-09-25 18:42:34.710 INFO  [http-nio-8080-exec-4] c.g.d.core.el.ELExpressionFactory - [adminmaster@sistema.com] [0af83e45-feb7-420c-bec8-7f2acd3ad8a9] jakarta.el is not supported; Failed to resolve ExpressionFactory, com.sun.el.ExpressionFactoryImpl
2025-09-25 19:19:04.557 INFO  [background-preinit] o.h.validator.internal.util.Version - [anon] [noreq] HV000001: Hibernate Validator 8.0.2.Final
2025-09-25 19:19:04.751 INFO  [restartedMain] br.com.alevhvm.adotai.Startup - [anon] [noreq] Starting Startup using Java 21.0.7 with PID 4252 (C:\Users\ale_h\OneDrive\Área de Trabalho\sistema-adocao-pets\backend\target\classes started by ale_h in C:\Users\ale_h\OneDrive\Área de Trabalho\sistema-adocao-pets\backend)
2025-09-25 19:19:04.755 DEBUG [restartedMain] br.com.alevhvm.adotai.Startup - [anon] [noreq] Running with Spring Boot v3.4.6, Spring v6.2.7
2025-09-25 19:19:04.758 INFO  [restartedMain] br.com.alevhvm.adotai.Startup - [anon] [noreq] No active profile set, falling back to 1 default profile: "default"
2025-09-25 19:19:04.943 INFO  [restartedMain] o.s.b.d.e.DevToolsPropertyDefaultsPostProcessor - [anon] [noreq] Devtools property defaults active! Set 'spring.devtools.add-properties' to 'false' to disable
2025-09-25 19:19:04.943 INFO  [restartedMain] o.s.b.d.e.DevToolsPropertyDefaultsPostProcessor - [anon] [noreq] For additional web related logging consider setting the 'logging.level.web' property to 'DEBUG'
2025-09-25 19:19:09.575 INFO  [restartedMain] o.s.d.r.c.RepositoryConfigurationDelegate - [anon] [noreq] Bootstrapping Spring Data JPA repositories in DEFAULT mode.
2025-09-25 19:19:10.020 INFO  [restartedMain] o.s.d.r.c.RepositoryConfigurationDelegate - [anon] [noreq] Finished Spring Data repository scanning in 388 ms. Found 6 JPA repository interfaces.
2025-09-25 19:19:12.026 INFO  [restartedMain] o.s.b.w.e.tomcat.TomcatWebServer - [anon] [noreq] Tomcat initialized with port 8080 (http)
2025-09-25 19:19:12.094 INFO  [restartedMain] o.a.coyote.http11.Http11NioProtocol - [anon] [noreq] Initializing ProtocolHandler ["http-nio-8080"]
2025-09-25 19:19:12.100 INFO  [restartedMain] o.a.catalina.core.StandardService - [anon] [noreq] Starting service [Tomcat]
2025-09-25 19:19:12.101 INFO  [restartedMain] o.a.catalina.core.StandardEngine - [anon] [noreq] Starting Servlet engine: [Apache Tomcat/10.1.41]
2025-09-25 19:19:12.304 INFO  [restartedMain] o.a.c.c.C.[Tomcat].[localhost].[/] - [anon] [noreq] Initializing Spring embedded WebApplicationContext
2025-09-25 19:19:12.305 INFO  [restartedMain] o.s.b.w.s.c.ServletWebServerApplicationContext - [anon] [noreq] Root WebApplicationContext: initialization completed in 7359 ms
2025-09-25 19:19:13.486 INFO  [restartedMain] com.zaxxer.hikari.HikariDataSource - [anon] [noreq] HikariPool-1 - Starting...
2025-09-25 19:19:14.174 INFO  [restartedMain] com.zaxxer.hikari.pool.HikariPool - [anon] [noreq] HikariPool-1 - Added connection org.postgresql.jdbc.PgConnection@8330dcb
2025-09-25 19:19:14.179 INFO  [restartedMain] com.zaxxer.hikari.HikariDataSource - [anon] [noreq] HikariPool-1 - Start completed.
2025-09-25 19:19:14.395 INFO  [restartedMain] org.flywaydb.core.FlywayExecutor - [anon] [noreq] Database: jdbc:postgresql://localhost:5432/ongadocoes (PostgreSQL 17.5)
2025-09-25 19:19:14.713 INFO  [restartedMain] o.f.core.internal.command.DbValidate - [anon] [noreq] Successfully validated 12 migrations (execution time 00:00.222s)
2025-09-25 19:19:14.757 INFO  [restartedMain] o.f.core.internal.command.DbMigrate - [anon] [noreq] Current version of schema "public": 12
2025-09-25 19:19:14.778 INFO  [restartedMain] o.f.core.internal.command.DbMigrate - [anon] [noreq] Schema "public" is up to date. No migration necessary.
2025-09-25 19:19:15.236 INFO  [restartedMain] o.h.jpa.internal.util.LogHelper - [anon] [noreq] HHH000204: Processing PersistenceUnitInfo [name: default]
2025-09-25 19:19:15.482 INFO  [restartedMain] org.hibernate.Version - [anon] [noreq] HHH000412: Hibernate ORM core version 6.6.15.Final
2025-09-25 19:19:15.648 INFO  [restartedMain] o.h.c.i.RegionFactoryInitiator - [anon] [noreq] HHH000026: Second-level cache disabled
2025-09-25 19:19:16.613 INFO  [restartedMain] o.s.o.j.p.SpringPersistenceUnitInfo - [anon] [noreq] No LoadTimeWeaver setup: ignoring JPA class transformer
2025-09-25 19:19:16.797 INFO  [restartedMain] o.hibernate.orm.connections.pooling - [anon] [noreq] HHH10001005: Database info:
	Database JDBC URL [Connecting through datasource 'HikariDataSource (HikariPool-1)']
	Database driver: undefined/unknown
	Database version: 17.5
	Autocommit mode: undefined/unknown
	Isolation level: undefined/unknown
	Minimum pool size: undefined/unknown
	Maximum pool size: undefined/unknown
2025-09-25 19:19:19.426 INFO  [restartedMain] o.h.e.t.j.p.i.JtaPlatformInitiator - [anon] [noreq] HHH000489: No JTA platform available (set 'hibernate.transaction.jta.platform' to enable JTA platform integration)
2025-09-25 19:19:19.568 INFO  [restartedMain] o.s.o.j.LocalContainerEntityManagerFactoryBean - [anon] [noreq] Initialized JPA EntityManagerFactory for persistence unit 'default'
2025-09-25 19:19:20.471 DEBUG [restartedMain] b.c.a.adotai.common.config.MDCFilter - [anon] [noreq] Filter 'MDCFilter' configured for use
2025-09-25 19:19:20.472 DEBUG [restartedMain] b.c.a.a.auth.security.SecurityFilter - [anon] [noreq] Filter 'securityFilter' configured for use
2025-09-25 19:19:20.778 INFO  [restartedMain] o.s.s.c.a.a.c.InitializeUserDetailsBeanManagerConfigurer$InitializeUserDetailsManagerConfigurer - [anon] [noreq] Global AuthenticationManager configured with UserDetailsService bean with name authService
2025-09-25 19:19:20.979 INFO  [restartedMain] o.s.d.j.r.query.QueryEnhancerFactory - [anon] [noreq] Hibernate is in classpath; If applicable, HQL parser will be used.
2025-09-25 19:19:23.130 INFO  [restartedMain] o.f.c.i.command.clean.CleanExecutor - [anon] [noreq] Successfully dropped pre-schema database level objects (execution time 00:00.000s)
2025-09-25 19:19:23.471 INFO  [restartedMain] o.f.c.i.command.clean.CleanExecutor - [anon] [noreq] Successfully cleaned schema "public" (execution time 00:00.338s)
2025-09-25 19:19:23.492 INFO  [restartedMain] o.f.c.i.command.clean.CleanExecutor - [anon] [noreq] Successfully cleaned schema "public" (execution time 00:00.020s)
2025-09-25 19:19:23.493 INFO  [restartedMain] o.f.c.i.command.clean.CleanExecutor - [anon] [noreq] Successfully dropped post-schema database level objects (execution time 00:00.000s)
2025-09-25 19:19:23.524 INFO  [restartedMain] o.f.c.i.s.JdbcTableSchemaHistory - [anon] [noreq] Schema history table "public"."flyway_schema_history" does not exist yet
2025-09-25 19:19:23.525 INFO  [restartedMain] o.f.core.internal.command.DbValidate - [anon] [noreq] Successfully validated 12 migrations (execution time 00:00.017s)
2025-09-25 19:19:23.534 INFO  [restartedMain] org.flywaydb.core.Flyway - [anon] [noreq] All configured schemas are empty; baseline operation skipped. A baseline or migration script with a lower version than the baseline version may execute if available. Check the Schemas parameter if this is not intended.
2025-09-25 19:19:23.539 INFO  [restartedMain] o.f.c.i.s.JdbcTableSchemaHistory - [anon] [noreq] Creating Schema History table "public"."flyway_schema_history" ...
2025-09-25 19:19:23.603 INFO  [restartedMain] o.f.core.internal.command.DbMigrate - [anon] [noreq] Current version of schema "public": << Empty Schema >>
2025-09-25 19:19:23.614 INFO  [restartedMain] o.f.core.internal.command.DbMigrate - [anon] [noreq] Migrating schema "public" to version "1 - create usuario table"
2025-09-25 19:19:23.673 INFO  [restartedMain] o.f.core.internal.command.DbMigrate - [anon] [noreq] Migrating schema "public" to version "2 - create ong table"
2025-09-25 19:19:23.706 INFO  [restartedMain] o.f.core.internal.command.DbMigrate - [anon] [noreq] Migrating schema "public" to version "3 - create animal table"
2025-09-25 19:19:23.737 INFO  [restartedMain] o.f.core.internal.command.DbMigrate - [anon] [noreq] Migrating schema "public" to version "4 - create adocao table"
2025-09-25 19:19:23.761 INFO  [restartedMain] o.f.core.internal.command.DbMigrate - [anon] [noreq] Migrating schema "public" to version "5 - create administrador table"
2025-09-25 19:19:23.796 INFO  [restartedMain] o.f.core.internal.command.DbMigrate - [anon] [noreq] Migrating schema "public" to version "6 - create usuarios animais favoritos table"
2025-09-25 19:19:23.835 INFO  [restartedMain] o.f.core.internal.command.DbMigrate - [anon] [noreq] Migrating schema "public" to version "7 - create view usuario ong"
2025-09-25 19:19:23.863 INFO  [restartedMain] o.f.core.internal.command.DbMigrate - [anon] [noreq] Migrating schema "public" to version "8 - insert usuarios iniciais"
2025-09-25 19:19:23.889 INFO  [restartedMain] o.f.core.internal.command.DbMigrate - [anon] [noreq] Migrating schema "public" to version "9 - insert ongs iniciais"
2025-09-25 19:19:23.912 INFO  [restartedMain] o.f.core.internal.command.DbMigrate - [anon] [noreq] Migrating schema "public" to version "10 - insert animais iniciais"
2025-09-25 19:19:23.935 INFO  [restartedMain] o.f.core.internal.command.DbMigrate - [anon] [noreq] Migrating schema "public" to version "11 - insert adocoes inicias"
2025-09-25 19:19:23.957 INFO  [restartedMain] o.f.core.internal.command.DbMigrate - [anon] [noreq] Migrating schema "public" to version "12 - insert administradores iniciais"
2025-09-25 19:19:23.976 INFO  [restartedMain] o.f.core.internal.command.DbMigrate - [anon] [noreq] Successfully applied 12 migrations to schema "public", now at version v12 (execution time 00:00.162s)
2025-09-25 19:19:24.318 WARN  [restartedMain] o.s.b.a.o.j.JpaBaseConfiguration$JpaWebConfiguration - [anon] [noreq] spring.jpa.open-in-view is enabled by default. Therefore, database queries may be performed during view rendering. Explicitly configure spring.jpa.open-in-view to disable this warning
2025-09-25 19:19:25.662 INFO  [restartedMain] o.s.b.a.e.web.EndpointLinksResolver - [anon] [noreq] Exposing 1 endpoint beneath base path '/actuator'
2025-09-25 19:19:26.960 INFO  [restartedMain] o.s.b.d.a.OptionalLiveReloadServer - [anon] [noreq] LiveReload server is running on port 35729
2025-09-25 19:19:27.241 INFO  [RMI TCP Connection(2)-127.0.0.1] o.a.c.c.C.[Tomcat].[localhost].[/] - [anon] [noreq] Initializing Spring DispatcherServlet 'dispatcherServlet'
2025-09-25 19:19:27.242 INFO  [RMI TCP Connection(2)-127.0.0.1] o.s.web.servlet.DispatcherServlet - [anon] [noreq] Initializing Servlet 'dispatcherServlet'
2025-09-25 19:19:27.246 INFO  [RMI TCP Connection(2)-127.0.0.1] o.s.web.servlet.DispatcherServlet - [anon] [noreq] Completed initialization in 3 ms
2025-09-25 19:19:27.274 INFO  [restartedMain] o.a.coyote.http11.Http11NioProtocol - [anon] [noreq] Starting ProtocolHandler ["http-nio-8080"]
2025-09-25 19:19:27.363 INFO  [restartedMain] o.s.b.w.e.tomcat.TomcatWebServer - [anon] [noreq] Tomcat started on port 8080 (http) with context path '/'
2025-09-25 19:19:27.379 INFO  [restartedMain] br.com.alevhvm.adotai.Startup - [anon] [noreq] Started Startup in 24.256 seconds (process running for 26.017)
2025-09-25 19:19:45.859 DEBUG [http-nio-8080-exec-2] b.c.a.a.a.s.AdministradorService - [anonymous] [94d3075a-347c-4bc8-ae8b-62ab470c3303] Iniciando login do administrador adminmaster@sistema.com
2025-09-25 19:19:46.106 INFO  [http-nio-8080-exec-2] b.c.a.a.a.s.AdministradorService - [anonymous] [94d3075a-347c-4bc8-ae8b-62ab470c3303] Administrador adminmaster@sistema.com logado com sucesso.
2025-09-25 19:20:02.030 DEBUG [http-nio-8080-exec-3] b.c.a.a.adocao.service.AdocaoService - [adminmaster@sistema.com] [3d60c5c3-4730-40c9-b8e1-60d6586d1bdf] Iniciando busca de todos as adocoes
2025-09-25 19:20:02.180 INFO  [http-nio-8080-exec-3] b.c.a.a.adocao.service.AdocaoService - [adminmaster@sistema.com] [3d60c5c3-4730-40c9-b8e1-60d6586d1bdf] Encontrada(s) 1 pagina(s), com 5 Adocao(oes)
2025-09-25 19:20:02.202 INFO  [http-nio-8080-exec-3] c.g.d.core.util.RuntimeUtils - [adminmaster@sistema.com] [3d60c5c3-4730-40c9-b8e1-60d6586d1bdf] OSGi support is false
2025-09-25 19:20:02.208 INFO  [http-nio-8080-exec-3] c.g.d.core.DozerBeanMapperBuilder - [adminmaster@sistema.com] [3d60c5c3-4730-40c9-b8e1-60d6586d1bdf] Initializing Dozer. Version: 7.0.0, Thread Name: http-nio-8080-exec-3
2025-09-25 19:20:02.221 INFO  [http-nio-8080-exec-3] c.g.d.c.c.r.LegacyPropertiesSettingsResolver - [adminmaster@sistema.com] [3d60c5c3-4730-40c9-b8e1-60d6586d1bdf] Trying to find Dozer configuration file: dozer.properties
2025-09-25 19:20:02.222 INFO  [http-nio-8080-exec-3] c.g.d.c.c.r.LegacyPropertiesSettingsResolver - [adminmaster@sistema.com] [3d60c5c3-4730-40c9-b8e1-60d6586d1bdf] Failed to find dozer.properties via com.github.dozermapper.core.config.resolvers.LegacyPropertiesSettingsResolver.
2025-09-25 19:20:02.236 INFO  [http-nio-8080-exec-3] c.g.d.core.el.ELExpressionFactory - [adminmaster@sistema.com] [3d60c5c3-4730-40c9-b8e1-60d6586d1bdf] jakarta.el is not supported; Failed to resolve ExpressionFactory, com.sun.el.ExpressionFactoryImpl
2025-09-25 19:20:20.893 WARN  [http-nio-8080-exec-4] o.s.w.s.m.m.a.ExceptionHandlerExceptionResolver - [adminmaster@sistema.com] [24a2ddaa-7a81-4c79-aae3-b7081648e852] Resolved [org.springframework.web.servlet.resource.NoResourceFoundException: No static resource api/v1/adocoes.]
2025-09-25 19:20:30.412 DEBUG [http-nio-8080-exec-6] b.c.a.a.adocao.service.AdocaoService - [adminmaster@sistema.com] [c6469ad6-9037-4d48-a858-e62601194e6c] Iniciando busca da adocao com id = 1
2025-09-25 19:20:30.456 INFO  [http-nio-8080-exec-6] b.c.a.a.adocao.service.AdocaoService - [adminmaster@sistema.com] [c6469ad6-9037-4d48-a858-e62601194e6c] Adocao encontrada com sucesso: id=1, nomeUsuario={}
2025-09-25 19:20:30.601 DEBUG [http-nio-8080-exec-6] b.c.a.a.adocao.service.AdocaoService - [adminmaster@sistema.com] [c6469ad6-9037-4d48-a858-e62601194e6c] Iniciando busca da adocao com id = 1
2025-09-25 19:20:30.604 INFO  [http-nio-8080-exec-6] b.c.a.a.adocao.service.AdocaoService - [adminmaster@sistema.com] [c6469ad6-9037-4d48-a858-e62601194e6c] Adocao encontrada com sucesso: id=1, nomeUsuario={}
2025-09-25 19:20:37.173 DEBUG [http-nio-8080-exec-7] b.c.a.a.adocao.service.AdocaoService - [adminmaster@sistema.com] [1f9169c6-57a0-4107-9676-fa94333ad5ed] Iniciando busca da adocao com id = 1
2025-09-25 19:20:37.215 INFO  [http-nio-8080-exec-7] b.c.a.a.adocao.service.AdocaoService - [adminmaster@sistema.com] [1f9169c6-57a0-4107-9676-fa94333ad5ed] Adocao encontrada com sucesso: id=1, nomeUsuario={}
2025-09-25 19:20:37.363 DEBUG [http-nio-8080-exec-7] b.c.a.a.adocao.service.AdocaoService - [adminmaster@sistema.com] [1f9169c6-57a0-4107-9676-fa94333ad5ed] Iniciando busca da adocao com id = 1
2025-09-25 19:20:37.371 INFO  [http-nio-8080-exec-7] b.c.a.a.adocao.service.AdocaoService - [adminmaster@sistema.com] [1f9169c6-57a0-4107-9676-fa94333ad5ed] Adocao encontrada com sucesso: id=1, nomeUsuario={}
2025-09-25 19:21:16.743 DEBUG [http-nio-8080-exec-8] b.c.a.a.adocao.service.AdocaoService - [adminmaster@sistema.com] [9a45a13f-fc4f-43b0-9a10-1b8589380547] Iniciando a criacao de uma Adocao
2025-09-25 19:21:16.858 INFO  [http-nio-8080-exec-8] b.c.a.a.adocao.service.AdocaoService - [adminmaster@sistema.com] [9a45a13f-fc4f-43b0-9a10-1b8589380547] Adocao criado com sucesso.
2025-09-25 19:21:29.590 DEBUG [http-nio-8080-exec-9] b.c.a.a.adocao.service.AdocaoService - [adminmaster@sistema.com] [5d0ce47e-c1e7-4e24-8ea8-28894069a80f] Iniciando busca da adocao com id = 1
2025-09-25 19:21:29.606 INFO  [http-nio-8080-exec-9] b.c.a.a.adocao.service.AdocaoService - [adminmaster@sistema.com] [5d0ce47e-c1e7-4e24-8ea8-28894069a80f] Adocao encontrada com sucesso: id=1, nomeUsuario={}
2025-09-25 19:21:29.625 DEBUG [http-nio-8080-exec-9] b.c.a.a.adocao.service.AdocaoService - [adminmaster@sistema.com] [5d0ce47e-c1e7-4e24-8ea8-28894069a80f] Iniciando delecao da adocao 1
2025-09-25 19:21:29.670 INFO  [http-nio-8080-exec-9] b.c.a.a.adocao.service.AdocaoService - [adminmaster@sistema.com] [5d0ce47e-c1e7-4e24-8ea8-28894069a80f] Adocao de id 1 deletado com sucesso.
2025-09-25 19:21:36.348 DEBUG [http-nio-8080-exec-10] b.c.a.a.adocao.service.AdocaoService - [adminmaster@sistema.com] [c7127270-e6e1-40a1-aef5-238f67993b6b] Iniciando busca da adocao com id = 7
2025-09-25 19:21:36.357 WARN  [http-nio-8080-exec-10] b.c.a.a.adocao.service.AdocaoService - [adminmaster@sistema.com] [c7127270-e6e1-40a1-aef5-238f67993b6b] Adocao nao encontrado para id = 7
2025-09-25 19:21:36.367 WARN  [http-nio-8080-exec-10] o.s.w.s.m.m.a.ExceptionHandlerExceptionResolver - [adminmaster@sistema.com] [c7127270-e6e1-40a1-aef5-238f67993b6b] Resolved [br.com.alevhvm.adotai.adocao.exception.AdocaoNotFoundException: Adoção não encontrada.]
